2025-05-30 13:45:49,023 - INFO - 开始分析ETF: 512000
2025-05-30 13:45:49,096 - DEBUG - Starting new HTTPS connection (1): 88.push2.eastmoney.com:443
2025-05-30 13:45:49,240 - WARNING - 获取数据失败，正在进行第 2 次重试...
2025-05-30 13:45:51,243 - DEBUG - Starting new HTTPS connection (1): 88.push2.eastmoney.com:443
2025-05-30 13:45:51,402 - WARNING - 获取数据失败，正在进行第 3 次重试...
2025-05-30 13:45:53,407 - DEBUG - Starting new HTTPS connection (1): 88.push2.eastmoney.com:443
2025-05-30 13:45:53,545 - ERROR - 获取历史数据失败，程序退出
2025-05-30 13:58:19,923 - INFO - 开始监控ETF: 512000
2025-05-30 13:58:19,924 - DEBUG - 请求URL: http://push2.eastmoney.com/api/qt/stock/get?ut=fa5fd1943c7b386f172d6893dbfba10b&invt=2&fltt=2&fields=f43,f44,f45,f46,f47,f48,f49,f50,f51,f52,f57,f58,f60,f84,f85,f116&secid=1.512000
2025-05-30 13:58:19,929 - DEBUG - Starting new HTTP connection (1): push2.eastmoney.com:80
2025-05-30 13:58:19,966 - DEBUG - http://push2.eastmoney.com:80 "GET /api/qt/stock/get?ut=fa5fd1943c7b386f172d6893dbfba10b&invt=2&fltt=2&fields=f43,f44,f45,f46,f47,f48,f49,f50,f51,f52,f57,f58,f60,f84,f85,f116&secid=1.512000 HTTP/1.1" 200 None
2025-05-30 13:58:19,967 - DEBUG - API返回数据: {'f43': 0.996, 'f44': 0.999, 'f45': 0.991, 'f46': 0.999, 'f47': 3027246, 'f48': 301228287.0, 'f49': 1277449, 'f50': 1.1, 'f51': 1.103, 'f52': 0.903, 'f57': '512000', 'f58': '券商ETF', 'f60': 1.003, 'f84': 22635917824.0, 'f85': 22635917824.0, 'f116': 22545374152.704}
2025-05-30 13:58:19,967 - ERROR - 价格数据异常: 0.00996
2025-05-30 13:58:29,968 - DEBUG - 请求URL: http://push2.eastmoney.com/api/qt/stock/get?ut=fa5fd1943c7b386f172d6893dbfba10b&invt=2&fltt=2&fields=f43,f44,f45,f46,f47,f48,f49,f50,f51,f52,f57,f58,f60,f84,f85,f116&secid=1.512000
2025-05-30 13:58:29,980 - DEBUG - http://push2.eastmoney.com:80 "GET /api/qt/stock/get?ut=fa5fd1943c7b386f172d6893dbfba10b&invt=2&fltt=2&fields=f43,f44,f45,f46,f47,f48,f49,f50,f51,f52,f57,f58,f60,f84,f85,f116&secid=1.512000 HTTP/1.1" 200 None
2025-05-30 13:58:29,981 - DEBUG - API返回数据: {'f43': 0.996, 'f44': 0.999, 'f45': 0.991, 'f46': 0.999, 'f47': 3027246, 'f48': 301228287.0, 'f49': 1277449, 'f50': 1.1, 'f51': 1.103, 'f52': 0.903, 'f57': '512000', 'f58': '券商ETF', 'f60': 1.003, 'f84': 22635917824.0, 'f85': 22635917824.0, 'f116': 22545374152.704}
2025-05-30 13:58:29,982 - ERROR - 价格数据异常: 0.00996
2025-05-30 13:58:39,984 - DEBUG - 请求URL: http://push2.eastmoney.com/api/qt/stock/get?ut=fa5fd1943c7b386f172d6893dbfba10b&invt=2&fltt=2&fields=f43,f44,f45,f46,f47,f48,f49,f50,f51,f52,f57,f58,f60,f84,f85,f116&secid=1.512000
2025-05-30 13:58:39,998 - DEBUG - http://push2.eastmoney.com:80 "GET /api/qt/stock/get?ut=fa5fd1943c7b386f172d6893dbfba10b&invt=2&fltt=2&fields=f43,f44,f45,f46,f47,f48,f49,f50,f51,f52,f57,f58,f60,f84,f85,f116&secid=1.512000 HTTP/1.1" 200 None
2025-05-30 13:58:40,000 - DEBUG - API返回数据: {'f43': 0.997, 'f44': 0.999, 'f45': 0.991, 'f46': 0.999, 'f47': 3028046, 'f48': 301308039.0, 'f49': 1278119, 'f50': 1.1, 'f51': 1.103, 'f52': 0.903, 'f57': '512000', 'f58': '券商ETF', 'f60': 1.003, 'f84': 22635917824.0, 'f85': 22635917824.0, 'f116': 22568010070.528}
2025-05-30 13:58:40,001 - ERROR - 价格数据异常: 0.00997
2025-05-30 13:58:50,003 - DEBUG - 请求URL: http://push2.eastmoney.com/api/qt/stock/get?ut=fa5fd1943c7b386f172d6893dbfba10b&invt=2&fltt=2&fields=f43,f44,f45,f46,f47,f48,f49,f50,f51,f52,f57,f58,f60,f84,f85,f116&secid=1.512000
2025-05-30 13:58:50,016 - DEBUG - http://push2.eastmoney.com:80 "GET /api/qt/stock/get?ut=fa5fd1943c7b386f172d6893dbfba10b&invt=2&fltt=2&fields=f43,f44,f45,f46,f47,f48,f49,f50,f51,f52,f57,f58,f60,f84,f85,f116&secid=1.512000 HTTP/1.1" 200 None
2025-05-30 13:58:50,018 - DEBUG - API返回数据: {'f43': 0.996, 'f44': 0.999, 'f45': 0.991, 'f46': 0.999, 'f47': 3028111, 'f48': 301314514.0, 'f49': 1278184, 'f50': 1.1, 'f51': 1.103, 'f52': 0.903, 'f57': '512000', 'f58': '券商ETF', 'f60': 1.003, 'f84': 22635917824.0, 'f85': 22635917824.0, 'f116': 22545374152.704}
2025-05-30 13:58:50,019 - ERROR - 价格数据异常: 0.00996
2025-05-30 13:59:00,020 - DEBUG - 请求URL: http://push2.eastmoney.com/api/qt/stock/get?ut=fa5fd1943c7b386f172d6893dbfba10b&invt=2&fltt=2&fields=f43,f44,f45,f46,f47,f48,f49,f50,f51,f52,f57,f58,f60,f84,f85,f116&secid=1.512000
2025-05-30 13:59:00,030 - DEBUG - http://push2.eastmoney.com:80 "GET /api/qt/stock/get?ut=fa5fd1943c7b386f172d6893dbfba10b&invt=2&fltt=2&fields=f43,f44,f45,f46,f47,f48,f49,f50,f51,f52,f57,f58,f60,f84,f85,f116&secid=1.512000 HTTP/1.1" 200 None
2025-05-30 13:59:00,031 - DEBUG - API返回数据: {'f43': 0.996, 'f44': 0.999, 'f45': 0.991, 'f46': 0.999, 'f47': 3028191, 'f48': 301322487.0, 'f49': 1278234, 'f50': 1.09, 'f51': 1.103, 'f52': 0.903, 'f57': '512000', 'f58': '券商ETF', 'f60': 1.003, 'f84': 22635917824.0, 'f85': 22635917824.0, 'f116': 22545374152.704}
2025-05-30 13:59:00,031 - ERROR - 价格数据异常: 0.00996
2025-05-30 13:59:10,033 - DEBUG - 请求URL: http://push2.eastmoney.com/api/qt/stock/get?ut=fa5fd1943c7b386f172d6893dbfba10b&invt=2&fltt=2&fields=f43,f44,f45,f46,f47,f48,f49,f50,f51,f52,f57,f58,f60,f84,f85,f116&secid=1.512000
2025-05-30 13:59:10,046 - DEBUG - http://push2.eastmoney.com:80 "GET /api/qt/stock/get?ut=fa5fd1943c7b386f172d6893dbfba10b&invt=2&fltt=2&fields=f43,f44,f45,f46,f47,f48,f49,f50,f51,f52,f57,f58,f60,f84,f85,f116&secid=1.512000 HTTP/1.1" 200 None
2025-05-30 13:59:10,047 - DEBUG - API返回数据: {'f43': 0.997, 'f44': 0.999, 'f45': 0.991, 'f46': 0.999, 'f47': 3028192, 'f48': 301322587.0, 'f49': 1278234, 'f50': 1.09, 'f51': 1.103, 'f52': 0.903, 'f57': '512000', 'f58': '券商ETF', 'f60': 1.003, 'f84': 22635917824.0, 'f85': 22635917824.0, 'f116': 22568010070.528}
2025-05-30 13:59:10,049 - ERROR - 价格数据异常: 0.00997
2025-05-30 13:59:20,050 - DEBUG - 请求URL: http://push2.eastmoney.com/api/qt/stock/get?ut=fa5fd1943c7b386f172d6893dbfba10b&invt=2&fltt=2&fields=f43,f44,f45,f46,f47,f48,f49,f50,f51,f52,f57,f58,f60,f84,f85,f116&secid=1.512000
2025-05-30 13:59:20,063 - DEBUG - http://push2.eastmoney.com:80 "GET /api/qt/stock/get?ut=fa5fd1943c7b386f172d6893dbfba10b&invt=2&fltt=2&fields=f43,f44,f45,f46,f47,f48,f49,f50,f51,f52,f57,f58,f60,f84,f85,f116&secid=1.512000 HTTP/1.1" 200 None
2025-05-30 13:59:20,065 - DEBUG - API返回数据: {'f43': 0.997, 'f44': 0.999, 'f45': 0.991, 'f46': 0.999, 'f47': 3044880, 'f48': 302986381.0, 'f49': 1289035, 'f50': 1.1, 'f51': 1.103, 'f52': 0.903, 'f57': '512000', 'f58': '券商ETF', 'f60': 1.003, 'f84': 22635917824.0, 'f85': 22635917824.0, 'f116': 22568010070.528}
2025-05-30 13:59:20,066 - ERROR - 价格数据异常: 0.00997
2025-05-30 13:59:30,067 - DEBUG - 请求URL: http://push2.eastmoney.com/api/qt/stock/get?ut=fa5fd1943c7b386f172d6893dbfba10b&invt=2&fltt=2&fields=f43,f44,f45,f46,f47,f48,f49,f50,f51,f52,f57,f58,f60,f84,f85,f116&secid=1.512000
2025-05-30 13:59:30,084 - DEBUG - http://push2.eastmoney.com:80 "GET /api/qt/stock/get?ut=fa5fd1943c7b386f172d6893dbfba10b&invt=2&fltt=2&fields=f43,f44,f45,f46,f47,f48,f49,f50,f51,f52,f57,f58,f60,f84,f85,f116&secid=1.512000 HTTP/1.1" 200 None
2025-05-30 13:59:30,085 - DEBUG - API返回数据: {'f43': 0.997, 'f44': 0.999, 'f45': 0.991, 'f46': 0.999, 'f47': 3049726, 'f48': 303469526.0, 'f49': 1299566, 'f50': 1.1, 'f51': 1.103, 'f52': 0.903, 'f57': '512000', 'f58': '券商ETF', 'f60': 1.003, 'f84': 22635917824.0, 'f85': 22635917824.0, 'f116': 22568010070.528}
2025-05-30 13:59:30,086 - ERROR - 价格数据异常: 0.00997
2025-05-30 13:59:40,087 - DEBUG - 请求URL: http://push2.eastmoney.com/api/qt/stock/get?ut=fa5fd1943c7b386f172d6893dbfba10b&invt=2&fltt=2&fields=f43,f44,f45,f46,f47,f48,f49,f50,f51,f52,f57,f58,f60,f84,f85,f116&secid=1.512000
2025-05-30 13:59:40,099 - DEBUG - http://push2.eastmoney.com:80 "GET /api/qt/stock/get?ut=fa5fd1943c7b386f172d6893dbfba10b&invt=2&fltt=2&fields=f43,f44,f45,f46,f47,f48,f49,f50,f51,f52,f57,f58,f60,f84,f85,f116&secid=1.512000 HTTP/1.1" 200 None
2025-05-30 13:59:40,100 - DEBUG - API返回数据: {'f43': 0.996, 'f44': 0.999, 'f45': 0.991, 'f46': 0.999, 'f47': 3052418, 'f48': 303737834.0, 'f49': 1301514, 'f50': 1.1, 'f51': 1.103, 'f52': 0.903, 'f57': '512000', 'f58': '券商ETF', 'f60': 1.003, 'f84': 22635917824.0, 'f85': 22635917824.0, 'f116': 22545374152.704}
2025-05-30 13:59:40,102 - ERROR - 价格数据异常: 0.00996
2025-05-30 13:59:50,103 - DEBUG - 请求URL: http://push2.eastmoney.com/api/qt/stock/get?ut=fa5fd1943c7b386f172d6893dbfba10b&invt=2&fltt=2&fields=f43,f44,f45,f46,f47,f48,f49,f50,f51,f52,f57,f58,f60,f84,f85,f116&secid=1.512000
2025-05-30 13:59:50,114 - DEBUG - http://push2.eastmoney.com:80 "GET /api/qt/stock/get?ut=fa5fd1943c7b386f172d6893dbfba10b&invt=2&fltt=2&fields=f43,f44,f45,f46,f47,f48,f49,f50,f51,f52,f57,f58,f60,f84,f85,f116&secid=1.512000 HTTP/1.1" 200 None
2025-05-30 13:59:50,115 - DEBUG - API返回数据: {'f43': 0.997, 'f44': 0.999, 'f45': 0.991, 'f46': 0.999, 'f47': 3052847, 'f48': 303780601.0, 'f49': 1301993, 'f50': 1.1, 'f51': 1.103, 'f52': 0.903, 'f57': '512000', 'f58': '券商ETF', 'f60': 1.003, 'f84': 22635917824.0, 'f85': 22635917824.0, 'f116': 22568010070.528}
2025-05-30 13:59:50,116 - ERROR - 价格数据异常: 0.00997
2025-05-30 14:00:00,117 - DEBUG - 请求URL: http://push2.eastmoney.com/api/qt/stock/get?ut=fa5fd1943c7b386f172d6893dbfba10b&invt=2&fltt=2&fields=f43,f44,f45,f46,f47,f48,f49,f50,f51,f52,f57,f58,f60,f84,f85,f116&secid=1.512000
2025-05-30 14:00:00,137 - DEBUG - http://push2.eastmoney.com:80 "GET /api/qt/stock/get?ut=fa5fd1943c7b386f172d6893dbfba10b&invt=2&fltt=2&fields=f43,f44,f45,f46,f47,f48,f49,f50,f51,f52,f57,f58,f60,f84,f85,f116&secid=1.512000 HTTP/1.1" 200 None
2025-05-30 14:00:00,139 - DEBUG - API返回数据: {'f43': 0.997, 'f44': 0.999, 'f45': 0.991, 'f46': 0.999, 'f47': 3058959, 'f48': 304389970.0, 'f49': 1305595, 'f50': 1.1, 'f51': 1.103, 'f52': 0.903, 'f57': '512000', 'f58': '券商ETF', 'f60': 1.003, 'f84': 22635917824.0, 'f85': 22635917824.0, 'f116': 22568010070.528}
2025-05-30 14:00:00,140 - ERROR - 价格数据异常: 0.00997
2025-05-30 14:00:10,141 - DEBUG - 请求URL: http://push2.eastmoney.com/api/qt/stock/get?ut=fa5fd1943c7b386f172d6893dbfba10b&invt=2&fltt=2&fields=f43,f44,f45,f46,f47,f48,f49,f50,f51,f52,f57,f58,f60,f84,f85,f116&secid=1.512000
2025-05-30 14:00:10,155 - DEBUG - http://push2.eastmoney.com:80 "GET /api/qt/stock/get?ut=fa5fd1943c7b386f172d6893dbfba10b&invt=2&fltt=2&fields=f43,f44,f45,f46,f47,f48,f49,f50,f51,f52,f57,f58,f60,f84,f85,f116&secid=1.512000 HTTP/1.1" 200 None
2025-05-30 14:00:10,157 - DEBUG - API返回数据: {'f43': 0.997, 'f44': 0.999, 'f45': 0.991, 'f46': 0.999, 'f47': 3062053, 'f48': 304698390.0, 'f49': 1305676, 'f50': 1.1, 'f51': 1.103, 'f52': 0.903, 'f57': '512000', 'f58': '券商ETF', 'f60': 1.003, 'f84': 22635917824.0, 'f85': 22635917824.0, 'f116': 22568010070.528}
2025-05-30 14:00:10,158 - ERROR - 价格数据异常: 0.00997
2025-05-30 14:00:20,160 - DEBUG - 请求URL: http://push2.eastmoney.com/api/qt/stock/get?ut=fa5fd1943c7b386f172d6893dbfba10b&invt=2&fltt=2&fields=f43,f44,f45,f46,f47,f48,f49,f50,f51,f52,f57,f58,f60,f84,f85,f116&secid=1.512000
2025-05-30 14:00:20,171 - DEBUG - http://push2.eastmoney.com:80 "GET /api/qt/stock/get?ut=fa5fd1943c7b386f172d6893dbfba10b&invt=2&fltt=2&fields=f43,f44,f45,f46,f47,f48,f49,f50,f51,f52,f57,f58,f60,f84,f85,f116&secid=1.512000 HTTP/1.1" 200 None
2025-05-30 14:00:20,172 - DEBUG - API返回数据: {'f43': 0.997, 'f44': 0.999, 'f45': 0.991, 'f46': 0.999, 'f47': 3063205, 'f48': 304813245.0, 'f49': 1308176, 'f50': 1.1, 'f51': 1.103, 'f52': 0.903, 'f57': '512000', 'f58': '券商ETF', 'f60': 1.003, 'f84': 22635917824.0, 'f85': 22635917824.0, 'f116': 22568010070.528}
2025-05-30 14:00:20,173 - ERROR - 价格数据异常: 0.00997
2025-05-30 14:00:30,174 - DEBUG - 请求URL: http://push2.eastmoney.com/api/qt/stock/get?ut=fa5fd1943c7b386f172d6893dbfba10b&invt=2&fltt=2&fields=f43,f44,f45,f46,f47,f48,f49,f50,f51,f52,f57,f58,f60,f84,f85,f116&secid=1.512000
2025-05-30 14:00:30,187 - DEBUG - http://push2.eastmoney.com:80 "GET /api/qt/stock/get?ut=fa5fd1943c7b386f172d6893dbfba10b&invt=2&fltt=2&fields=f43,f44,f45,f46,f47,f48,f49,f50,f51,f52,f57,f58,f60,f84,f85,f116&secid=1.512000 HTTP/1.1" 200 None
2025-05-30 14:00:30,188 - DEBUG - API返回数据: {'f43': 0.997, 'f44': 0.999, 'f45': 0.991, 'f46': 0.999, 'f47': 3063205, 'f48': 304813245.0, 'f49': 1308176, 'f50': 1.1, 'f51': 1.103, 'f52': 0.903, 'f57': '512000', 'f58': '券商ETF', 'f60': 1.003, 'f84': 22635917824.0, 'f85': 22635917824.0, 'f116': 22568010070.528}
2025-05-30 14:00:30,190 - ERROR - 价格数据异常: 0.00997
2025-05-30 14:00:40,192 - DEBUG - 请求URL: http://push2.eastmoney.com/api/qt/stock/get?ut=fa5fd1943c7b386f172d6893dbfba10b&invt=2&fltt=2&fields=f43,f44,f45,f46,f47,f48,f49,f50,f51,f52,f57,f58,f60,f84,f85,f116&secid=1.512000
2025-05-30 14:00:40,205 - DEBUG - http://push2.eastmoney.com:80 "GET /api/qt/stock/get?ut=fa5fd1943c7b386f172d6893dbfba10b&invt=2&fltt=2&fields=f43,f44,f45,f46,f47,f48,f49,f50,f51,f52,f57,f58,f60,f84,f85,f116&secid=1.512000 HTTP/1.1" 200 None
2025-05-30 14:00:40,207 - DEBUG - API返回数据: {'f43': 0.997, 'f44': 0.999, 'f45': 0.991, 'f46': 0.999, 'f47': 3071205, 'f48': 305610845.0, 'f49': 1308176, 'f50': 1.1, 'f51': 1.103, 'f52': 0.903, 'f57': '512000', 'f58': '券商ETF', 'f60': 1.003, 'f84': 22635917824.0, 'f85': 22635917824.0, 'f116': 22568010070.528}
2025-05-30 14:00:40,208 - ERROR - 价格数据异常: 0.00997
2025-05-30 14:00:50,209 - DEBUG - 请求URL: http://push2.eastmoney.com/api/qt/stock/get?ut=fa5fd1943c7b386f172d6893dbfba10b&invt=2&fltt=2&fields=f43,f44,f45,f46,f47,f48,f49,f50,f51,f52,f57,f58,f60,f84,f85,f116&secid=1.512000
2025-05-30 14:00:50,220 - DEBUG - http://push2.eastmoney.com:80 "GET /api/qt/stock/get?ut=fa5fd1943c7b386f172d6893dbfba10b&invt=2&fltt=2&fields=f43,f44,f45,f46,f47,f48,f49,f50,f51,f52,f57,f58,f60,f84,f85,f116&secid=1.512000 HTTP/1.1" 200 None
2025-05-30 14:00:50,222 - DEBUG - API返回数据: {'f43': 0.997, 'f44': 0.999, 'f45': 0.991, 'f46': 0.999, 'f47': 3071205, 'f48': 305610845.0, 'f49': 1310676, 'f50': 1.1, 'f51': 1.103, 'f52': 0.903, 'f57': '512000', 'f58': '券商ETF', 'f60': 1.003, 'f84': 22635917824.0, 'f85': 22635917824.0, 'f116': 22568010070.528}
2025-05-30 14:00:50,222 - ERROR - 价格数据异常: 0.00997
2025-05-30 14:01:00,224 - DEBUG - 请求URL: http://push2.eastmoney.com/api/qt/stock/get?ut=fa5fd1943c7b386f172d6893dbfba10b&invt=2&fltt=2&fields=f43,f44,f45,f46,f47,f48,f49,f50,f51,f52,f57,f58,f60,f84,f85,f116&secid=1.512000
2025-05-30 14:01:00,235 - DEBUG - http://push2.eastmoney.com:80 "GET /api/qt/stock/get?ut=fa5fd1943c7b386f172d6893dbfba10b&invt=2&fltt=2&fields=f43,f44,f45,f46,f47,f48,f49,f50,f51,f52,f57,f58,f60,f84,f85,f116&secid=1.512000 HTTP/1.1" 200 None
2025-05-30 14:01:00,237 - DEBUG - API返回数据: {'f43': 0.997, 'f44': 0.999, 'f45': 0.991, 'f46': 0.999, 'f47': 3071205, 'f48': 305610845.0, 'f49': 1310676, 'f50': 1.1, 'f51': 1.103, 'f52': 0.903, 'f57': '512000', 'f58': '券商ETF', 'f60': 1.003, 'f84': 22635917824.0, 'f85': 22635917824.0, 'f116': 22568010070.528}
2025-05-30 14:01:00,239 - ERROR - 价格数据异常: 0.00997
2025-05-30 14:01:10,240 - DEBUG - 请求URL: http://push2.eastmoney.com/api/qt/stock/get?ut=fa5fd1943c7b386f172d6893dbfba10b&invt=2&fltt=2&fields=f43,f44,f45,f46,f47,f48,f49,f50,f51,f52,f57,f58,f60,f84,f85,f116&secid=1.512000
2025-05-30 14:01:10,249 - DEBUG - http://push2.eastmoney.com:80 "GET /api/qt/stock/get?ut=fa5fd1943c7b386f172d6893dbfba10b&invt=2&fltt=2&fields=f43,f44,f45,f46,f47,f48,f49,f50,f51,f52,f57,f58,f60,f84,f85,f116&secid=1.512000 HTTP/1.1" 200 None
2025-05-30 14:01:10,251 - DEBUG - API返回数据: {'f43': 0.998, 'f44': 0.999, 'f45': 0.991, 'f46': 0.999, 'f47': 3071332, 'f48': 305623514.0, 'f49': 1310753, 'f50': 1.1, 'f51': 1.103, 'f52': 0.903, 'f57': '512000', 'f58': '券商ETF', 'f60': 1.003, 'f84': 22635917824.0, 'f85': 22635917824.0, 'f116': 22590645988.352}
2025-05-30 14:01:10,252 - ERROR - 价格数据异常: 0.00998
2025-05-30 14:01:15,957 - INFO - 开始监控ETF: 512000
2025-05-30 14:01:15,958 - DEBUG - 请求URL: http://push2.eastmoney.com/api/qt/stock/get?ut=fa5fd1943c7b386f172d6893dbfba10b&invt=2&fltt=2&fields=f43,f44,f45,f46,f47,f48,f49,f50,f51,f52,f57,f58,f60,f84,f85,f116&secid=1.512000
2025-05-30 14:01:15,961 - DEBUG - Starting new HTTP connection (1): push2.eastmoney.com:80
2025-05-30 14:01:15,982 - DEBUG - http://push2.eastmoney.com:80 "GET /api/qt/stock/get?ut=fa5fd1943c7b386f172d6893dbfba10b&invt=2&fltt=2&fields=f43,f44,f45,f46,f47,f48,f49,f50,f51,f52,f57,f58,f60,f84,f85,f116&secid=1.512000 HTTP/1.1" 200 None
2025-05-30 14:01:15,984 - DEBUG - API返回数据: {'f43': 0.998, 'f44': 0.999, 'f45': 0.991, 'f46': 0.999, 'f47': 3071332, 'f48': 305623514.0, 'f49': 1310753, 'f50': 1.1, 'f51': 1.103, 'f52': 0.903, 'f57': '512000', 'f58': '券商ETF', 'f60': 1.003, 'f84': 22635917824.0, 'f85': 22635917824.0, 'f116': 22590645988.352}
2025-05-30 14:01:15,984 - INFO - 成功获取数据: {'time': '2025-05-30 14:01:15', 'name': '券商ETF', 'price': 0.998, 'change': -0.004999999999999893, 'change_pct': -0.4985044865403683, 'open': 0.999, 'high': 0.999, 'low': 0.991, 'prev_close': 1.003, 'volume': 3071332, 'amount': 30562.3514, 'turnover_rate': 0, 'flow_main': 0, 'flow_main_ratio': 0}
2025-05-30 14:01:20,253 - DEBUG - 请求URL: http://push2.eastmoney.com/api/qt/stock/get?ut=fa5fd1943c7b386f172d6893dbfba10b&invt=2&fltt=2&fields=f43,f44,f45,f46,f47,f48,f49,f50,f51,f52,f57,f58,f60,f84,f85,f116&secid=1.512000
2025-05-30 14:01:20,264 - DEBUG - http://push2.eastmoney.com:80 "GET /api/qt/stock/get?ut=fa5fd1943c7b386f172d6893dbfba10b&invt=2&fltt=2&fields=f43,f44,f45,f46,f47,f48,f49,f50,f51,f52,f57,f58,f60,f84,f85,f116&secid=1.512000 HTTP/1.1" 200 None
2025-05-30 14:01:20,266 - DEBUG - API返回数据: {'f43': 0.998, 'f44': 0.999, 'f45': 0.991, 'f46': 0.999, 'f47': 3071482, 'f48': 305638484.0, 'f49': 1310753, 'f50': 1.1, 'f51': 1.103, 'f52': 0.903, 'f57': '512000', 'f58': '券商ETF', 'f60': 1.003, 'f84': 22635917824.0, 'f85': 22635917824.0, 'f116': 22590645988.352}
2025-05-30 14:01:20,267 - ERROR - 价格数据异常: 0.00998
2025-05-30 14:01:24,309 - INFO - 
监控已停止
2025-05-30 14:01:26,022 - DEBUG - 请求URL: http://push2.eastmoney.com/api/qt/stock/get?ut=fa5fd1943c7b386f172d6893dbfba10b&invt=2&fltt=2&fields=f43,f44,f45,f46,f47,f48,f49,f50,f51,f52,f57,f58,f60,f84,f85,f116&secid=1.512000
2025-05-30 14:01:26,030 - DEBUG - http://push2.eastmoney.com:80 "GET /api/qt/stock/get?ut=fa5fd1943c7b386f172d6893dbfba10b&invt=2&fltt=2&fields=f43,f44,f45,f46,f47,f48,f49,f50,f51,f52,f57,f58,f60,f84,f85,f116&secid=1.512000 HTTP/1.1" 200 None
2025-05-30 14:01:26,031 - DEBUG - API返回数据: {'f43': 0.998, 'f44': 0.999, 'f45': 0.991, 'f46': 0.999, 'f47': 3071482, 'f48': 305638484.0, 'f49': 1310903, 'f50': 1.1, 'f51': 1.103, 'f52': 0.903, 'f57': '512000', 'f58': '券商ETF', 'f60': 1.003, 'f84': 22635917824.0, 'f85': 22635917824.0, 'f116': 22590645988.352}
2025-05-30 14:01:26,032 - INFO - 成功获取数据: {'time': '2025-05-30 14:01:26', 'name': '券商ETF', 'price': 0.998, 'change': -0.004999999999999893, 'change_pct': -0.4985044865403683, 'open': 0.999, 'high': 0.999, 'low': 0.991, 'prev_close': 1.003, 'volume': 3071482, 'amount': 30563.8484, 'turnover_rate': 0, 'flow_main': 0, 'flow_main_ratio': 0}
2025-05-30 14:01:36,064 - DEBUG - 请求URL: http://push2.eastmoney.com/api/qt/stock/get?ut=fa5fd1943c7b386f172d6893dbfba10b&invt=2&fltt=2&fields=f43,f44,f45,f46,f47,f48,f49,f50,f51,f52,f57,f58,f60,f84,f85,f116&secid=1.512000
2025-05-30 14:01:36,076 - DEBUG - http://push2.eastmoney.com:80 "GET /api/qt/stock/get?ut=fa5fd1943c7b386f172d6893dbfba10b&invt=2&fltt=2&fields=f43,f44,f45,f46,f47,f48,f49,f50,f51,f52,f57,f58,f60,f84,f85,f116&secid=1.512000 HTTP/1.1" 200 None
2025-05-30 14:01:36,077 - DEBUG - API返回数据: {'f43': 0.998, 'f44': 0.999, 'f45': 0.991, 'f46': 0.999, 'f47': 3071487, 'f48': 305638983.0, 'f49': 1310903, 'f50': 1.1, 'f51': 1.103, 'f52': 0.903, 'f57': '512000', 'f58': '券商ETF', 'f60': 1.003, 'f84': 22635917824.0, 'f85': 22635917824.0, 'f116': 22590645988.352}
2025-05-30 14:01:36,078 - INFO - 成功获取数据: {'time': '2025-05-30 14:01:36', 'name': '券商ETF', 'price': 0.998, 'change': -0.004999999999999893, 'change_pct': -0.4985044865403683, 'open': 0.999, 'high': 0.999, 'low': 0.991, 'prev_close': 1.003, 'volume': 3071487, 'amount': 30563.8983, 'turnover_rate': 0, 'flow_main': 0, 'flow_main_ratio': 0}
2025-05-30 14:01:46,119 - DEBUG - 请求URL: http://push2.eastmoney.com/api/qt/stock/get?ut=fa5fd1943c7b386f172d6893dbfba10b&invt=2&fltt=2&fields=f43,f44,f45,f46,f47,f48,f49,f50,f51,f52,f57,f58,f60,f84,f85,f116&secid=1.512000
2025-05-30 14:01:46,129 - DEBUG - http://push2.eastmoney.com:80 "GET /api/qt/stock/get?ut=fa5fd1943c7b386f172d6893dbfba10b&invt=2&fltt=2&fields=f43,f44,f45,f46,f47,f48,f49,f50,f51,f52,f57,f58,f60,f84,f85,f116&secid=1.512000 HTTP/1.1" 200 None
2025-05-30 14:01:46,130 - DEBUG - API返回数据: {'f43': 0.998, 'f44': 0.999, 'f45': 0.991, 'f46': 0.999, 'f47': 3071787, 'f48': 305668923.0, 'f49': 1311208, 'f50': 1.1, 'f51': 1.103, 'f52': 0.903, 'f57': '512000', 'f58': '券商ETF', 'f60': 1.003, 'f84': 22635917824.0, 'f85': 22635917824.0, 'f116': 22590645988.352}
2025-05-30 14:01:46,131 - INFO - 成功获取数据: {'time': '2025-05-30 14:01:46', 'name': '券商ETF', 'price': 0.998, 'change': -0.004999999999999893, 'change_pct': -0.4985044865403683, 'open': 0.999, 'high': 0.999, 'low': 0.991, 'prev_close': 1.003, 'volume': 3071787, 'amount': 30566.8923, 'turnover_rate': 0, 'flow_main': 0, 'flow_main_ratio': 0}
2025-05-30 14:01:56,164 - DEBUG - 请求URL: http://push2.eastmoney.com/api/qt/stock/get?ut=fa5fd1943c7b386f172d6893dbfba10b&invt=2&fltt=2&fields=f43,f44,f45,f46,f47,f48,f49,f50,f51,f52,f57,f58,f60,f84,f85,f116&secid=1.512000
2025-05-30 14:01:56,173 - DEBUG - http://push2.eastmoney.com:80 "GET /api/qt/stock/get?ut=fa5fd1943c7b386f172d6893dbfba10b&invt=2&fltt=2&fields=f43,f44,f45,f46,f47,f48,f49,f50,f51,f52,f57,f58,f60,f84,f85,f116&secid=1.512000 HTTP/1.1" 200 None
2025-05-30 14:01:56,175 - DEBUG - API返回数据: {'f43': 0.998, 'f44': 0.999, 'f45': 0.991, 'f46': 0.999, 'f47': 3071787, 'f48': 305668923.0, 'f49': 1311208, 'f50': 1.1, 'f51': 1.103, 'f52': 0.903, 'f57': '512000', 'f58': '券商ETF', 'f60': 1.003, 'f84': 22635917824.0, 'f85': 22635917824.0, 'f116': 22590645988.352}
2025-05-30 14:01:56,176 - INFO - 成功获取数据: {'time': '2025-05-30 14:01:56', 'name': '券商ETF', 'price': 0.998, 'change': -0.004999999999999893, 'change_pct': -0.4985044865403683, 'open': 0.999, 'high': 0.999, 'low': 0.991, 'prev_close': 1.003, 'volume': 3071787, 'amount': 30566.8923, 'turnover_rate': 0, 'flow_main': 0, 'flow_main_ratio': 0}
2025-05-30 14:02:06,210 - DEBUG - 请求URL: http://push2.eastmoney.com/api/qt/stock/get?ut=fa5fd1943c7b386f172d6893dbfba10b&invt=2&fltt=2&fields=f43,f44,f45,f46,f47,f48,f49,f50,f51,f52,f57,f58,f60,f84,f85,f116&secid=1.512000
2025-05-30 14:02:06,221 - DEBUG - http://push2.eastmoney.com:80 "GET /api/qt/stock/get?ut=fa5fd1943c7b386f172d6893dbfba10b&invt=2&fltt=2&fields=f43,f44,f45,f46,f47,f48,f49,f50,f51,f52,f57,f58,f60,f84,f85,f116&secid=1.512000 HTTP/1.1" 200 None
2025-05-30 14:02:06,222 - DEBUG - API返回数据: {'f43': 0.997, 'f44': 0.999, 'f45': 0.991, 'f46': 0.999, 'f47': 3072643, 'f48': 305754266.0, 'f49': 1311208, 'f50': 1.09, 'f51': 1.103, 'f52': 0.903, 'f57': '512000', 'f58': '券商ETF', 'f60': 1.003, 'f84': 22635917824.0, 'f85': 22635917824.0, 'f116': 22568010070.528}
2025-05-30 14:02:06,223 - INFO - 成功获取数据: {'time': '2025-05-30 14:02:06', 'name': '券商ETF', 'price': 0.997, 'change': -0.005999999999999894, 'change_pct': -0.5982053838484441, 'open': 0.999, 'high': 0.999, 'low': 0.991, 'prev_close': 1.003, 'volume': 3072643, 'amount': 30575.4266, 'turnover_rate': 0, 'flow_main': 0, 'flow_main_ratio': 0}
2025-05-30 14:02:16,254 - DEBUG - 请求URL: http://push2.eastmoney.com/api/qt/stock/get?ut=fa5fd1943c7b386f172d6893dbfba10b&invt=2&fltt=2&fields=f43,f44,f45,f46,f47,f48,f49,f50,f51,f52,f57,f58,f60,f84,f85,f116&secid=1.512000
2025-05-30 14:02:16,264 - DEBUG - http://push2.eastmoney.com:80 "GET /api/qt/stock/get?ut=fa5fd1943c7b386f172d6893dbfba10b&invt=2&fltt=2&fields=f43,f44,f45,f46,f47,f48,f49,f50,f51,f52,f57,f58,f60,f84,f85,f116&secid=1.512000 HTTP/1.1" 200 None
2025-05-30 14:02:16,265 - DEBUG - API返回数据: {'f43': 0.997, 'f44': 0.999, 'f45': 0.991, 'f46': 0.999, 'f47': 3072643, 'f48': 305754266.0, 'f49': 1311208, 'f50': 1.09, 'f51': 1.103, 'f52': 0.903, 'f57': '512000', 'f58': '券商ETF', 'f60': 1.003, 'f84': 22635917824.0, 'f85': 22635917824.0, 'f116': 22568010070.528}
2025-05-30 14:02:16,266 - INFO - 成功获取数据: {'time': '2025-05-30 14:02:16', 'name': '券商ETF', 'price': 0.997, 'change': -0.005999999999999894, 'change_pct': -0.5982053838484441, 'open': 0.999, 'high': 0.999, 'low': 0.991, 'prev_close': 1.003, 'volume': 3072643, 'amount': 30575.4266, 'turnover_rate': 0, 'flow_main': 0, 'flow_main_ratio': 0}
2025-05-30 14:02:22,004 - INFO - 开始监控ETF: 512000
2025-05-30 14:02:22,005 - DEBUG - 请求URL: http://push2.eastmoney.com/api/qt/stock/get?ut=fa5fd1943c7b386f172d6893dbfba10b&invt=2&fltt=2&fields=f43,f44,f45,f46,f47,f48,f49,f50,f51,f52,f57,f58,f60,f84,f85,f116&secid=1.512000
2025-05-30 14:02:22,008 - DEBUG - Starting new HTTP connection (1): push2.eastmoney.com:80
2025-05-30 14:02:22,032 - DEBUG - http://push2.eastmoney.com:80 "GET /api/qt/stock/get?ut=fa5fd1943c7b386f172d6893dbfba10b&invt=2&fltt=2&fields=f43,f44,f45,f46,f47,f48,f49,f50,f51,f52,f57,f58,f60,f84,f85,f116&secid=1.512000 HTTP/1.1" 200 None
2025-05-30 14:02:22,033 - DEBUG - API返回数据: {'f43': 0.997, 'f44': 0.999, 'f45': 0.991, 'f46': 0.999, 'f47': 3072643, 'f48': 305754266.0, 'f49': 1311208, 'f50': 1.09, 'f51': 1.103, 'f52': 0.903, 'f57': '512000', 'f58': '券商ETF', 'f60': 1.003, 'f84': 22635917824.0, 'f85': 22635917824.0, 'f116': 22568010070.528}
2025-05-30 14:02:22,033 - INFO - 成功获取数据: {'time': '2025-05-30 14:02:22', 'name': '券商ETF', 'price': 0.997, 'change': -0.005999999999999894, 'change_pct': -0.5982053838484441, 'open': 0.999, 'high': 0.999, 'low': 0.991, 'prev_close': 1.003, 'volume': 3072643, 'amount': 30575.4266, 'turnover_rate': 0, 'flow_main': 1311208, 'flow_main_ratio': 1.09}
2025-05-30 14:02:26,301 - DEBUG - 请求URL: http://push2.eastmoney.com/api/qt/stock/get?ut=fa5fd1943c7b386f172d6893dbfba10b&invt=2&fltt=2&fields=f43,f44,f45,f46,f47,f48,f49,f50,f51,f52,f57,f58,f60,f84,f85,f116&secid=1.512000
2025-05-30 14:02:26,310 - DEBUG - http://push2.eastmoney.com:80 "GET /api/qt/stock/get?ut=fa5fd1943c7b386f172d6893dbfba10b&invt=2&fltt=2&fields=f43,f44,f45,f46,f47,f48,f49,f50,f51,f52,f57,f58,f60,f84,f85,f116&secid=1.512000 HTTP/1.1" 200 None
2025-05-30 14:02:26,311 - DEBUG - API返回数据: {'f43': 0.997, 'f44': 0.999, 'f45': 0.991, 'f46': 0.999, 'f47': 3072743, 'f48': 305764236.0, 'f49': 1311208, 'f50': 1.09, 'f51': 1.103, 'f52': 0.903, 'f57': '512000', 'f58': '券商ETF', 'f60': 1.003, 'f84': 22635917824.0, 'f85': 22635917824.0, 'f116': 22568010070.528}
2025-05-30 14:02:26,312 - INFO - 成功获取数据: {'time': '2025-05-30 14:02:26', 'name': '券商ETF', 'price': 0.997, 'change': -0.005999999999999894, 'change_pct': -0.5982053838484441, 'open': 0.999, 'high': 0.999, 'low': 0.991, 'prev_close': 1.003, 'volume': 3072743, 'amount': 30576.4236, 'turnover_rate': 0, 'flow_main': 0, 'flow_main_ratio': 0}
2025-05-30 14:02:32,066 - DEBUG - 请求URL: http://push2.eastmoney.com/api/qt/stock/get?ut=fa5fd1943c7b386f172d6893dbfba10b&invt=2&fltt=2&fields=f43,f44,f45,f46,f47,f48,f49,f50,f51,f52,f57,f58,f60,f84,f85,f116&secid=1.512000
2025-05-30 14:02:32,074 - DEBUG - http://push2.eastmoney.com:80 "GET /api/qt/stock/get?ut=fa5fd1943c7b386f172d6893dbfba10b&invt=2&fltt=2&fields=f43,f44,f45,f46,f47,f48,f49,f50,f51,f52,f57,f58,f60,f84,f85,f116&secid=1.512000 HTTP/1.1" 200 None
2025-05-30 14:02:32,075 - DEBUG - API返回数据: {'f43': 0.997, 'f44': 0.999, 'f45': 0.991, 'f46': 0.999, 'f47': 3074799, 'f48': 305969220.0, 'f49': 1311208, 'f50': 1.09, 'f51': 1.103, 'f52': 0.903, 'f57': '512000', 'f58': '券商ETF', 'f60': 1.003, 'f84': 22635917824.0, 'f85': 22635917824.0, 'f116': 22568010070.528}
2025-05-30 14:02:32,077 - INFO - 成功获取数据: {'time': '2025-05-30 14:02:32', 'name': '券商ETF', 'price': 0.997, 'change': -0.005999999999999894, 'change_pct': -0.5982053838484441, 'open': 0.999, 'high': 0.999, 'low': 0.991, 'prev_close': 1.003, 'volume': 3074799, 'amount': 30596.922, 'turnover_rate': 0, 'flow_main': 1311208, 'flow_main_ratio': 1.09}
2025-05-30 14:02:36,346 - DEBUG - 请求URL: http://push2.eastmoney.com/api/qt/stock/get?ut=fa5fd1943c7b386f172d6893dbfba10b&invt=2&fltt=2&fields=f43,f44,f45,f46,f47,f48,f49,f50,f51,f52,f57,f58,f60,f84,f85,f116&secid=1.512000
2025-05-30 14:02:36,357 - DEBUG - http://push2.eastmoney.com:80 "GET /api/qt/stock/get?ut=fa5fd1943c7b386f172d6893dbfba10b&invt=2&fltt=2&fields=f43,f44,f45,f46,f47,f48,f49,f50,f51,f52,f57,f58,f60,f84,f85,f116&secid=1.512000 HTTP/1.1" 200 None
2025-05-30 14:02:36,358 - DEBUG - API返回数据: {'f43': 0.997, 'f44': 0.999, 'f45': 0.991, 'f46': 0.999, 'f47': 3074799, 'f48': 305969220.0, 'f49': 1311208, 'f50': 1.09, 'f51': 1.103, 'f52': 0.903, 'f57': '512000', 'f58': '券商ETF', 'f60': 1.003, 'f84': 22635917824.0, 'f85': 22635917824.0, 'f116': 22568010070.528}
2025-05-30 14:02:36,359 - INFO - 成功获取数据: {'time': '2025-05-30 14:02:36', 'name': '券商ETF', 'price': 0.997, 'change': -0.005999999999999894, 'change_pct': -0.5982053838484441, 'open': 0.999, 'high': 0.999, 'low': 0.991, 'prev_close': 1.003, 'volume': 3074799, 'amount': 30596.922, 'turnover_rate': 0, 'flow_main': 0, 'flow_main_ratio': 0}
2025-05-30 14:02:42,113 - DEBUG - 请求URL: http://push2.eastmoney.com/api/qt/stock/get?ut=fa5fd1943c7b386f172d6893dbfba10b&invt=2&fltt=2&fields=f43,f44,f45,f46,f47,f48,f49,f50,f51,f52,f57,f58,f60,f84,f85,f116&secid=1.512000
2025-05-30 14:02:42,124 - DEBUG - http://push2.eastmoney.com:80 "GET /api/qt/stock/get?ut=fa5fd1943c7b386f172d6893dbfba10b&invt=2&fltt=2&fields=f43,f44,f45,f46,f47,f48,f49,f50,f51,f52,f57,f58,f60,f84,f85,f116&secid=1.512000 HTTP/1.1" 200 None
2025-05-30 14:02:42,125 - DEBUG - API返回数据: {'f43': 0.997, 'f44': 0.999, 'f45': 0.991, 'f46': 0.999, 'f47': 3076366, 'f48': 306125449.0, 'f49': 1312008, 'f50': 1.09, 'f51': 1.103, 'f52': 0.903, 'f57': '512000', 'f58': '券商ETF', 'f60': 1.003, 'f84': 22635917824.0, 'f85': 22635917824.0, 'f116': 22568010070.528}
2025-05-30 14:02:42,126 - INFO - 成功获取数据: {'time': '2025-05-30 14:02:42', 'name': '券商ETF', 'price': 0.997, 'change': -0.005999999999999894, 'change_pct': -0.5982053838484441, 'open': 0.999, 'high': 0.999, 'low': 0.991, 'prev_close': 1.003, 'volume': 3076366, 'amount': 30612.5449, 'turnover_rate': 0, 'flow_main': 1312008, 'flow_main_ratio': 1.09}
2025-05-30 14:02:46,400 - DEBUG - 请求URL: http://push2.eastmoney.com/api/qt/stock/get?ut=fa5fd1943c7b386f172d6893dbfba10b&invt=2&fltt=2&fields=f43,f44,f45,f46,f47,f48,f49,f50,f51,f52,f57,f58,f60,f84,f85,f116&secid=1.512000
2025-05-30 14:02:46,411 - DEBUG - http://push2.eastmoney.com:80 "GET /api/qt/stock/get?ut=fa5fd1943c7b386f172d6893dbfba10b&invt=2&fltt=2&fields=f43,f44,f45,f46,f47,f48,f49,f50,f51,f52,f57,f58,f60,f84,f85,f116&secid=1.512000 HTTP/1.1" 200 None
2025-05-30 14:02:46,412 - DEBUG - API返回数据: {'f43': 0.997, 'f44': 0.999, 'f45': 0.991, 'f46': 0.999, 'f47': 3076366, 'f48': 306125449.0, 'f49': 1313575, 'f50': 1.09, 'f51': 1.103, 'f52': 0.903, 'f57': '512000', 'f58': '券商ETF', 'f60': 1.003, 'f84': 22635917824.0, 'f85': 22635917824.0, 'f116': 22568010070.528}
2025-05-30 14:02:46,412 - INFO - 成功获取数据: {'time': '2025-05-30 14:02:46', 'name': '券商ETF', 'price': 0.997, 'change': -0.005999999999999894, 'change_pct': -0.5982053838484441, 'open': 0.999, 'high': 0.999, 'low': 0.991, 'prev_close': 1.003, 'volume': 3076366, 'amount': 30612.5449, 'turnover_rate': 0, 'flow_main': 0, 'flow_main_ratio': 0}
2025-05-30 14:02:52,158 - DEBUG - 请求URL: http://push2.eastmoney.com/api/qt/stock/get?ut=fa5fd1943c7b386f172d6893dbfba10b&invt=2&fltt=2&fields=f43,f44,f45,f46,f47,f48,f49,f50,f51,f52,f57,f58,f60,f84,f85,f116&secid=1.512000
2025-05-30 14:02:52,168 - DEBUG - http://push2.eastmoney.com:80 "GET /api/qt/stock/get?ut=fa5fd1943c7b386f172d6893dbfba10b&invt=2&fltt=2&fields=f43,f44,f45,f46,f47,f48,f49,f50,f51,f52,f57,f58,f60,f84,f85,f116&secid=1.512000 HTTP/1.1" 200 None
2025-05-30 14:02:52,169 - DEBUG - API返回数据: {'f43': 0.997, 'f44': 0.999, 'f45': 0.991, 'f46': 0.999, 'f47': 3077311, 'f48': 306219579.0, 'f49': 1313575, 'f50': 1.09, 'f51': 1.103, 'f52': 0.903, 'f57': '512000', 'f58': '券商ETF', 'f60': 1.003, 'f84': 22635917824.0, 'f85': 22635917824.0, 'f116': 22568010070.528}
2025-05-30 14:02:52,170 - INFO - 成功获取数据: {'time': '2025-05-30 14:02:52', 'name': '券商ETF', 'price': 0.997, 'change': -0.005999999999999894, 'change_pct': -0.5982053838484441, 'open': 0.999, 'high': 0.999, 'low': 0.991, 'prev_close': 1.003, 'volume': 3077311, 'amount': 30621.9579, 'turnover_rate': 0, 'flow_main': 1313575, 'flow_main_ratio': 1.09}
2025-05-30 14:02:56,445 - DEBUG - 请求URL: http://push2.eastmoney.com/api/qt/stock/get?ut=fa5fd1943c7b386f172d6893dbfba10b&invt=2&fltt=2&fields=f43,f44,f45,f46,f47,f48,f49,f50,f51,f52,f57,f58,f60,f84,f85,f116&secid=1.512000
2025-05-30 14:02:56,457 - DEBUG - http://push2.eastmoney.com:80 "GET /api/qt/stock/get?ut=fa5fd1943c7b386f172d6893dbfba10b&invt=2&fltt=2&fields=f43,f44,f45,f46,f47,f48,f49,f50,f51,f52,f57,f58,f60,f84,f85,f116&secid=1.512000 HTTP/1.1" 200 None
2025-05-30 14:02:56,457 - DEBUG - API返回数据: {'f43': 0.997, 'f44': 0.999, 'f45': 0.991, 'f46': 0.999, 'f47': 3077311, 'f48': 306219579.0, 'f49': 1313652, 'f50': 1.09, 'f51': 1.103, 'f52': 0.903, 'f57': '512000', 'f58': '券商ETF', 'f60': 1.003, 'f84': 22635917824.0, 'f85': 22635917824.0, 'f116': 22568010070.528}
2025-05-30 14:02:56,458 - INFO - 成功获取数据: {'time': '2025-05-30 14:02:56', 'name': '券商ETF', 'price': 0.997, 'change': -0.005999999999999894, 'change_pct': -0.5982053838484441, 'open': 0.999, 'high': 0.999, 'low': 0.991, 'prev_close': 1.003, 'volume': 3077311, 'amount': 30621.9579, 'turnover_rate': 0, 'flow_main': 0, 'flow_main_ratio': 0}
2025-05-30 14:03:02,202 - DEBUG - 请求URL: http://push2.eastmoney.com/api/qt/stock/get?ut=fa5fd1943c7b386f172d6893dbfba10b&invt=2&fltt=2&fields=f43,f44,f45,f46,f47,f48,f49,f50,f51,f52,f57,f58,f60,f84,f85,f116&secid=1.512000
2025-05-30 14:03:02,213 - DEBUG - http://push2.eastmoney.com:80 "GET /api/qt/stock/get?ut=fa5fd1943c7b386f172d6893dbfba10b&invt=2&fltt=2&fields=f43,f44,f45,f46,f47,f48,f49,f50,f51,f52,f57,f58,f60,f84,f85,f116&secid=1.512000 HTTP/1.1" 200 None
2025-05-30 14:03:02,214 - DEBUG - API返回数据: {'f43': 0.997, 'f44': 0.999, 'f45': 0.991, 'f46': 0.999, 'f47': 3077317, 'f48': 306220177.0, 'f49': 1313658, 'f50': 1.09, 'f51': 1.103, 'f52': 0.903, 'f57': '512000', 'f58': '券商ETF', 'f60': 1.003, 'f84': 22635917824.0, 'f85': 22635917824.0, 'f116': 22568010070.528}
2025-05-30 14:03:02,215 - INFO - 成功获取数据: {'time': '2025-05-30 14:03:02', 'name': '券商ETF', 'price': 0.997, 'change': -0.005999999999999894, 'change_pct': -0.5982053838484441, 'open': 0.999, 'high': 0.999, 'low': 0.991, 'prev_close': 1.003, 'volume': 3077317, 'amount': 30622.0177, 'turnover_rate': 0, 'flow_main': 1313658, 'flow_main_ratio': 1.09}
2025-05-30 14:03:06,493 - DEBUG - 请求URL: http://push2.eastmoney.com/api/qt/stock/get?ut=fa5fd1943c7b386f172d6893dbfba10b&invt=2&fltt=2&fields=f43,f44,f45,f46,f47,f48,f49,f50,f51,f52,f57,f58,f60,f84,f85,f116&secid=1.512000
2025-05-30 14:03:06,502 - DEBUG - http://push2.eastmoney.com:80 "GET /api/qt/stock/get?ut=fa5fd1943c7b386f172d6893dbfba10b&invt=2&fltt=2&fields=f43,f44,f45,f46,f47,f48,f49,f50,f51,f52,f57,f58,f60,f84,f85,f116&secid=1.512000 HTTP/1.1" 200 None
2025-05-30 14:03:06,503 - DEBUG - API返回数据: {'f43': 0.997, 'f44': 0.999, 'f45': 0.991, 'f46': 0.999, 'f47': 3077617, 'f48': 306250087.0, 'f49': 1313658, 'f50': 1.09, 'f51': 1.103, 'f52': 0.903, 'f57': '512000', 'f58': '券商ETF', 'f60': 1.003, 'f84': 22635917824.0, 'f85': 22635917824.0, 'f116': 22568010070.528}
2025-05-30 14:03:06,504 - INFO - 成功获取数据: {'time': '2025-05-30 14:03:06', 'name': '券商ETF', 'price': 0.997, 'change': -0.005999999999999894, 'change_pct': -0.5982053838484441, 'open': 0.999, 'high': 0.999, 'low': 0.991, 'prev_close': 1.003, 'volume': 3077617, 'amount': 30625.0087, 'turnover_rate': 0, 'flow_main': 0, 'flow_main_ratio': 0}
2025-05-30 14:03:12,249 - DEBUG - 请求URL: http://push2.eastmoney.com/api/qt/stock/get?ut=fa5fd1943c7b386f172d6893dbfba10b&invt=2&fltt=2&fields=f43,f44,f45,f46,f47,f48,f49,f50,f51,f52,f57,f58,f60,f84,f85,f116&secid=1.512000
2025-05-30 14:03:12,258 - DEBUG - http://push2.eastmoney.com:80 "GET /api/qt/stock/get?ut=fa5fd1943c7b386f172d6893dbfba10b&invt=2&fltt=2&fields=f43,f44,f45,f46,f47,f48,f49,f50,f51,f52,f57,f58,f60,f84,f85,f116&secid=1.512000 HTTP/1.1" 200 None
2025-05-30 14:03:12,259 - DEBUG - API返回数据: {'f43': 0.996, 'f44': 0.999, 'f45': 0.991, 'f46': 0.999, 'f47': 3078617, 'f48': 306349687.0, 'f49': 1313958, 'f50': 1.09, 'f51': 1.103, 'f52': 0.903, 'f57': '512000', 'f58': '券商ETF', 'f60': 1.003, 'f84': 22635917824.0, 'f85': 22635917824.0, 'f116': 22545374152.704}
2025-05-30 14:03:12,260 - INFO - 成功获取数据: {'time': '2025-05-30 14:03:12', 'name': '券商ETF', 'price': 0.996, 'change': -0.006999999999999895, 'change_pct': -0.6979062811565201, 'open': 0.999, 'high': 0.999, 'low': 0.991, 'prev_close': 1.003, 'volume': 3078617, 'amount': 30634.9687, 'turnover_rate': 0, 'flow_main': 1313958, 'flow_main_ratio': 1.09}
2025-05-30 14:03:16,538 - DEBUG - 请求URL: http://push2.eastmoney.com/api/qt/stock/get?ut=fa5fd1943c7b386f172d6893dbfba10b&invt=2&fltt=2&fields=f43,f44,f45,f46,f47,f48,f49,f50,f51,f52,f57,f58,f60,f84,f85,f116&secid=1.512000
2025-05-30 14:03:16,548 - DEBUG - http://push2.eastmoney.com:80 "GET /api/qt/stock/get?ut=fa5fd1943c7b386f172d6893dbfba10b&invt=2&fltt=2&fields=f43,f44,f45,f46,f47,f48,f49,f50,f51,f52,f57,f58,f60,f84,f85,f116&secid=1.512000 HTTP/1.1" 200 None
2025-05-30 14:03:16,549 - DEBUG - API返回数据: {'f43': 0.997, 'f44': 0.999, 'f45': 0.991, 'f46': 0.999, 'f47': 3079287, 'f48': 306416486.0, 'f49': 1313958, 'f50': 1.09, 'f51': 1.103, 'f52': 0.903, 'f57': '512000', 'f58': '券商ETF', 'f60': 1.003, 'f84': 22635917824.0, 'f85': 22635917824.0, 'f116': 22568010070.528}
2025-05-30 14:03:16,550 - INFO - 成功获取数据: {'time': '2025-05-30 14:03:16', 'name': '券商ETF', 'price': 0.997, 'change': -0.005999999999999894, 'change_pct': -0.5982053838484441, 'open': 0.999, 'high': 0.999, 'low': 0.991, 'prev_close': 1.003, 'volume': 3079287, 'amount': 30641.6486, 'turnover_rate': 0, 'flow_main': 0, 'flow_main_ratio': 0}
2025-05-30 14:03:22,293 - DEBUG - 请求URL: http://push2.eastmoney.com/api/qt/stock/get?ut=fa5fd1943c7b386f172d6893dbfba10b&invt=2&fltt=2&fields=f43,f44,f45,f46,f47,f48,f49,f50,f51,f52,f57,f58,f60,f84,f85,f116&secid=1.512000
2025-05-30 14:03:22,302 - DEBUG - http://push2.eastmoney.com:80 "GET /api/qt/stock/get?ut=fa5fd1943c7b386f172d6893dbfba10b&invt=2&fltt=2&fields=f43,f44,f45,f46,f47,f48,f49,f50,f51,f52,f57,f58,f60,f84,f85,f116&secid=1.512000 HTTP/1.1" 200 None
2025-05-30 14:03:22,304 - DEBUG - API返回数据: {'f43': 0.997, 'f44': 0.999, 'f45': 0.991, 'f46': 0.999, 'f47': 3079337, 'f48': 306421471.0, 'f49': 1314678, 'f50': 1.09, 'f51': 1.103, 'f52': 0.903, 'f57': '512000', 'f58': '券商ETF', 'f60': 1.003, 'f84': 22635917824.0, 'f85': 22635917824.0, 'f116': 22568010070.528}
2025-05-30 14:03:22,305 - INFO - 成功获取数据: {'time': '2025-05-30 14:03:22', 'name': '券商ETF', 'price': 0.997, 'change': -0.005999999999999894, 'change_pct': -0.5982053838484441, 'open': 0.999, 'high': 0.999, 'low': 0.991, 'prev_close': 1.003, 'volume': 3079337, 'amount': 30642.1471, 'turnover_rate': 0, 'flow_main': 1314678, 'flow_main_ratio': 1.09}
2025-05-30 14:03:26,589 - DEBUG - 请求URL: http://push2.eastmoney.com/api/qt/stock/get?ut=fa5fd1943c7b386f172d6893dbfba10b&invt=2&fltt=2&fields=f43,f44,f45,f46,f47,f48,f49,f50,f51,f52,f57,f58,f60,f84,f85,f116&secid=1.512000
2025-05-30 14:03:26,598 - DEBUG - http://push2.eastmoney.com:80 "GET /api/qt/stock/get?ut=fa5fd1943c7b386f172d6893dbfba10b&invt=2&fltt=2&fields=f43,f44,f45,f46,f47,f48,f49,f50,f51,f52,f57,f58,f60,f84,f85,f116&secid=1.512000 HTTP/1.1" 200 None
2025-05-30 14:03:26,599 - DEBUG - API返回数据: {'f43': 0.997, 'f44': 0.999, 'f45': 0.991, 'f46': 0.999, 'f47': 3082174, 'f48': 306704320.0, 'f49': 1317515, 'f50': 1.09, 'f51': 1.103, 'f52': 0.903, 'f57': '512000', 'f58': '券商ETF', 'f60': 1.003, 'f84': 22635917824.0, 'f85': 22635917824.0, 'f116': 22568010070.528}
2025-05-30 14:03:26,600 - INFO - 成功获取数据: {'time': '2025-05-30 14:03:26', 'name': '券商ETF', 'price': 0.997, 'change': -0.005999999999999894, 'change_pct': -0.5982053838484441, 'open': 0.999, 'high': 0.999, 'low': 0.991, 'prev_close': 1.003, 'volume': 3082174, 'amount': 30670.432, 'turnover_rate': 0, 'flow_main': 0, 'flow_main_ratio': 0}
2025-05-30 14:03:32,334 - DEBUG - 请求URL: http://push2.eastmoney.com/api/qt/stock/get?ut=fa5fd1943c7b386f172d6893dbfba10b&invt=2&fltt=2&fields=f43,f44,f45,f46,f47,f48,f49,f50,f51,f52,f57,f58,f60,f84,f85,f116&secid=1.512000
2025-05-30 14:03:32,347 - DEBUG - http://push2.eastmoney.com:80 "GET /api/qt/stock/get?ut=fa5fd1943c7b386f172d6893dbfba10b&invt=2&fltt=2&fields=f43,f44,f45,f46,f47,f48,f49,f50,f51,f52,f57,f58,f60,f84,f85,f116&secid=1.512000 HTTP/1.1" 200 None
2025-05-30 14:03:32,349 - DEBUG - API返回数据: {'f43': 0.997, 'f44': 0.999, 'f45': 0.991, 'f46': 0.999, 'f47': 3082178, 'f48': 306704719.0, 'f49': 1317519, 'f50': 1.09, 'f51': 1.103, 'f52': 0.903, 'f57': '512000', 'f58': '券商ETF', 'f60': 1.003, 'f84': 22635917824.0, 'f85': 22635917824.0, 'f116': 22568010070.528}
2025-05-30 14:03:32,350 - INFO - 成功获取数据: {'time': '2025-05-30 14:03:32', 'name': '券商ETF', 'price': 0.997, 'change': -0.005999999999999894, 'change_pct': -0.5982053838484441, 'open': 0.999, 'high': 0.999, 'low': 0.991, 'prev_close': 1.003, 'volume': 3082178, 'amount': 30670.4719, 'turnover_rate': 0, 'flow_main': 1317519, 'flow_main_ratio': 1.09}
2025-05-30 14:03:36,635 - DEBUG - 请求URL: http://push2.eastmoney.com/api/qt/stock/get?ut=fa5fd1943c7b386f172d6893dbfba10b&invt=2&fltt=2&fields=f43,f44,f45,f46,f47,f48,f49,f50,f51,f52,f57,f58,f60,f84,f85,f116&secid=1.512000
2025-05-30 14:03:36,645 - DEBUG - http://push2.eastmoney.com:80 "GET /api/qt/stock/get?ut=fa5fd1943c7b386f172d6893dbfba10b&invt=2&fltt=2&fields=f43,f44,f45,f46,f47,f48,f49,f50,f51,f52,f57,f58,f60,f84,f85,f116&secid=1.512000 HTTP/1.1" 200 None
2025-05-30 14:03:36,646 - DEBUG - API返回数据: {'f43': 0.996, 'f44': 0.999, 'f45': 0.991, 'f46': 0.999, 'f47': 3082220, 'f48': 306708906.0, 'f49': 1317519, 'f50': 1.09, 'f51': 1.103, 'f52': 0.903, 'f57': '512000', 'f58': '券商ETF', 'f60': 1.003, 'f84': 22635917824.0, 'f85': 22635917824.0, 'f116': 22545374152.704}
2025-05-30 14:03:36,647 - INFO - 成功获取数据: {'time': '2025-05-30 14:03:36', 'name': '券商ETF', 'price': 0.996, 'change': -0.006999999999999895, 'change_pct': -0.6979062811565201, 'open': 0.999, 'high': 0.999, 'low': 0.991, 'prev_close': 1.003, 'volume': 3082220, 'amount': 30670.8906, 'turnover_rate': 0, 'flow_main': 0, 'flow_main_ratio': 0}
2025-05-30 14:03:42,385 - DEBUG - 请求URL: http://push2.eastmoney.com/api/qt/stock/get?ut=fa5fd1943c7b386f172d6893dbfba10b&invt=2&fltt=2&fields=f43,f44,f45,f46,f47,f48,f49,f50,f51,f52,f57,f58,f60,f84,f85,f116&secid=1.512000
2025-05-30 14:03:42,394 - DEBUG - http://push2.eastmoney.com:80 "GET /api/qt/stock/get?ut=fa5fd1943c7b386f172d6893dbfba10b&invt=2&fltt=2&fields=f43,f44,f45,f46,f47,f48,f49,f50,f51,f52,f57,f58,f60,f84,f85,f116&secid=1.512000 HTTP/1.1" 200 None
2025-05-30 14:03:42,395 - DEBUG - API返回数据: {'f43': 0.997, 'f44': 0.999, 'f45': 0.991, 'f46': 0.999, 'f47': 3082555, 'f48': 306742306.0, 'f49': 1317559, 'f50': 1.09, 'f51': 1.103, 'f52': 0.903, 'f57': '512000', 'f58': '券商ETF', 'f60': 1.003, 'f84': 22635917824.0, 'f85': 22635917824.0, 'f116': 22568010070.528}
2025-05-30 14:03:42,396 - INFO - 成功获取数据: {'time': '2025-05-30 14:03:42', 'name': '券商ETF', 'price': 0.997, 'change': -0.005999999999999894, 'change_pct': -0.5982053838484441, 'open': 0.999, 'high': 0.999, 'low': 0.991, 'prev_close': 1.003, 'volume': 3082555, 'amount': 30674.2306, 'turnover_rate': 0, 'flow_main': 1317559, 'flow_main_ratio': 1.09}
2025-05-30 14:03:46,680 - DEBUG - 请求URL: http://push2.eastmoney.com/api/qt/stock/get?ut=fa5fd1943c7b386f172d6893dbfba10b&invt=2&fltt=2&fields=f43,f44,f45,f46,f47,f48,f49,f50,f51,f52,f57,f58,f60,f84,f85,f116&secid=1.512000
2025-05-30 14:03:46,692 - DEBUG - http://push2.eastmoney.com:80 "GET /api/qt/stock/get?ut=fa5fd1943c7b386f172d6893dbfba10b&invt=2&fltt=2&fields=f43,f44,f45,f46,f47,f48,f49,f50,f51,f52,f57,f58,f60,f84,f85,f116&secid=1.512000 HTTP/1.1" 200 None
2025-05-30 14:03:46,692 - DEBUG - API返回数据: {'f43': 0.997, 'f44': 0.999, 'f45': 0.991, 'f46': 0.999, 'f47': 3082555, 'f48': 306742306.0, 'f49': 1317894, 'f50': 1.09, 'f51': 1.103, 'f52': 0.903, 'f57': '512000', 'f58': '券商ETF', 'f60': 1.003, 'f84': 22635917824.0, 'f85': 22635917824.0, 'f116': 22568010070.528}
2025-05-30 14:03:46,693 - INFO - 成功获取数据: {'time': '2025-05-30 14:03:46', 'name': '券商ETF', 'price': 0.997, 'change': -0.005999999999999894, 'change_pct': -0.5982053838484441, 'open': 0.999, 'high': 0.999, 'low': 0.991, 'prev_close': 1.003, 'volume': 3082555, 'amount': 30674.2306, 'turnover_rate': 0, 'flow_main': 0, 'flow_main_ratio': 0}
2025-05-30 14:03:52,432 - DEBUG - 请求URL: http://push2.eastmoney.com/api/qt/stock/get?ut=fa5fd1943c7b386f172d6893dbfba10b&invt=2&fltt=2&fields=f43,f44,f45,f46,f47,f48,f49,f50,f51,f52,f57,f58,f60,f84,f85,f116&secid=1.512000
2025-05-30 14:03:52,441 - DEBUG - http://push2.eastmoney.com:80 "GET /api/qt/stock/get?ut=fa5fd1943c7b386f172d6893dbfba10b&invt=2&fltt=2&fields=f43,f44,f45,f46,f47,f48,f49,f50,f51,f52,f57,f58,f60,f84,f85,f116&secid=1.512000 HTTP/1.1" 200 None
2025-05-30 14:03:52,442 - DEBUG - API返回数据: {'f43': 0.997, 'f44': 0.999, 'f45': 0.991, 'f46': 0.999, 'f47': 3082555, 'f48': 306742306.0, 'f49': 1317894, 'f50': 1.09, 'f51': 1.103, 'f52': 0.903, 'f57': '512000', 'f58': '券商ETF', 'f60': 1.003, 'f84': 22635917824.0, 'f85': 22635917824.0, 'f116': 22568010070.528}
2025-05-30 14:03:52,443 - INFO - 成功获取数据: {'time': '2025-05-30 14:03:52', 'name': '券商ETF', 'price': 0.997, 'change': -0.005999999999999894, 'change_pct': -0.5982053838484441, 'open': 0.999, 'high': 0.999, 'low': 0.991, 'prev_close': 1.003, 'volume': 3082555, 'amount': 30674.2306, 'turnover_rate': 0, 'flow_main': 1317894, 'flow_main_ratio': 1.09}
2025-05-30 14:03:53,672 - INFO - 
监控已停止
2025-05-30 14:03:56,729 - DEBUG - 请求URL: http://push2.eastmoney.com/api/qt/stock/get?ut=fa5fd1943c7b386f172d6893dbfba10b&invt=2&fltt=2&fields=f43,f44,f45,f46,f47,f48,f49,f50,f51,f52,f57,f58,f60,f84,f85,f116&secid=1.512000
2025-05-30 14:03:56,740 - DEBUG - http://push2.eastmoney.com:80 "GET /api/qt/stock/get?ut=fa5fd1943c7b386f172d6893dbfba10b&invt=2&fltt=2&fields=f43,f44,f45,f46,f47,f48,f49,f50,f51,f52,f57,f58,f60,f84,f85,f116&secid=1.512000 HTTP/1.1" 200 None
2025-05-30 14:03:56,742 - DEBUG - API返回数据: {'f43': 0.996, 'f44': 0.999, 'f45': 0.991, 'f46': 0.999, 'f47': 3082655, 'f48': 306752266.0, 'f49': 1317894, 'f50': 1.09, 'f51': 1.103, 'f52': 0.903, 'f57': '512000', 'f58': '券商ETF', 'f60': 1.003, 'f84': 22635917824.0, 'f85': 22635917824.0, 'f116': 22545374152.704}
2025-05-30 14:03:56,743 - INFO - 成功获取数据: {'time': '2025-05-30 14:03:56', 'name': '券商ETF', 'price': 0.996, 'change': -0.006999999999999895, 'change_pct': -0.6979062811565201, 'open': 0.999, 'high': 0.999, 'low': 0.991, 'prev_close': 1.003, 'volume': 3082655, 'amount': 30675.2266, 'turnover_rate': 0, 'flow_main': 0, 'flow_main_ratio': 0}
2025-05-30 14:04:06,779 - DEBUG - 请求URL: http://push2.eastmoney.com/api/qt/stock/get?ut=fa5fd1943c7b386f172d6893dbfba10b&invt=2&fltt=2&fields=f43,f44,f45,f46,f47,f48,f49,f50,f51,f52,f57,f58,f60,f84,f85,f116&secid=1.512000
2025-05-30 14:04:06,788 - DEBUG - http://push2.eastmoney.com:80 "GET /api/qt/stock/get?ut=fa5fd1943c7b386f172d6893dbfba10b&invt=2&fltt=2&fields=f43,f44,f45,f46,f47,f48,f49,f50,f51,f52,f57,f58,f60,f84,f85,f116&secid=1.512000 HTTP/1.1" 200 None
2025-05-30 14:04:06,789 - DEBUG - API返回数据: {'f43': 0.996, 'f44': 0.999, 'f45': 0.991, 'f46': 0.999, 'f47': 3082655, 'f48': 306752266.0, 'f49': 1317894, 'f50': 1.08, 'f51': 1.103, 'f52': 0.903, 'f57': '512000', 'f58': '券商ETF', 'f60': 1.003, 'f84': 22635917824.0, 'f85': 22635917824.0, 'f116': 22545374152.704}
2025-05-30 14:04:06,790 - INFO - 成功获取数据: {'time': '2025-05-30 14:04:06', 'name': '券商ETF', 'price': 0.996, 'change': -0.006999999999999895, 'change_pct': -0.6979062811565201, 'open': 0.999, 'high': 0.999, 'low': 0.991, 'prev_close': 1.003, 'volume': 3082655, 'amount': 30675.2266, 'turnover_rate': 0, 'flow_main': 0, 'flow_main_ratio': 0}
2025-05-30 14:04:10,603 - INFO - 开始监控ETF: 512000
2025-05-30 14:04:10,603 - DEBUG - 请求URL: http://push2.eastmoney.com/api/qt/stock/get?ut=fa5fd1943c7b386f172d6893dbfba10b&invt=2&fltt=2&fields=f43,f44,f45,f46,f47,f48,f49,f50,f51,f52,f57,f58,f60,f84,f85,f116&secid=1.512000
2025-05-30 14:04:10,607 - DEBUG - Starting new HTTP connection (1): push2.eastmoney.com:80
2025-05-30 14:04:10,632 - DEBUG - http://push2.eastmoney.com:80 "GET /api/qt/stock/get?ut=fa5fd1943c7b386f172d6893dbfba10b&invt=2&fltt=2&fields=f43,f44,f45,f46,f47,f48,f49,f50,f51,f52,f57,f58,f60,f84,f85,f116&secid=1.512000 HTTP/1.1" 200 None
2025-05-30 14:04:10,634 - DEBUG - API返回数据: {'f43': 0.997, 'f44': 0.999, 'f45': 0.991, 'f46': 0.999, 'f47': 3083757, 'f48': 306862135.0, 'f49': 1317894, 'f50': 1.08, 'f51': 1.103, 'f52': 0.903, 'f57': '512000', 'f58': '券商ETF', 'f60': 1.003, 'f84': 22635917824.0, 'f85': 22635917824.0, 'f116': 22568010070.528}
2025-05-30 14:04:10,634 - INFO - 成功获取数据: {'time': '2025-05-30 14:04:10', 'name': '券商ETF', 'price': 0.997, 'change': -0.005999999999999894, 'change_pct': -0.5982053838484441, 'open': 0.999, 'high': 0.999, 'low': 0.991, 'prev_close': 1.003, 'volume': 3083757, 'amount': 30686.2135, 'turnover_rate': 0, 'flow_main': 1317894, 'flow_main_ratio': 1.08}
2025-05-30 14:04:16,828 - DEBUG - 请求URL: http://push2.eastmoney.com/api/qt/stock/get?ut=fa5fd1943c7b386f172d6893dbfba10b&invt=2&fltt=2&fields=f43,f44,f45,f46,f47,f48,f49,f50,f51,f52,f57,f58,f60,f84,f85,f116&secid=1.512000
2025-05-30 14:04:16,838 - DEBUG - http://push2.eastmoney.com:80 "GET /api/qt/stock/get?ut=fa5fd1943c7b386f172d6893dbfba10b&invt=2&fltt=2&fields=f43,f44,f45,f46,f47,f48,f49,f50,f51,f52,f57,f58,f60,f84,f85,f116&secid=1.512000 HTTP/1.1" 200 None
2025-05-30 14:04:16,840 - DEBUG - API返回数据: {'f43': 0.997, 'f44': 0.999, 'f45': 0.991, 'f46': 0.999, 'f47': 3083757, 'f48': 306862135.0, 'f49': 1318996, 'f50': 1.08, 'f51': 1.103, 'f52': 0.903, 'f57': '512000', 'f58': '券商ETF', 'f60': 1.003, 'f84': 22635917824.0, 'f85': 22635917824.0, 'f116': 22568010070.528}
2025-05-30 14:04:16,842 - INFO - 成功获取数据: {'time': '2025-05-30 14:04:16', 'name': '券商ETF', 'price': 0.997, 'change': -0.005999999999999894, 'change_pct': -0.5982053838484441, 'open': 0.999, 'high': 0.999, 'low': 0.991, 'prev_close': 1.003, 'volume': 3083757, 'amount': 30686.2135, 'turnover_rate': 0, 'flow_main': 0, 'flow_main_ratio': 0}
2025-05-30 14:04:26,872 - DEBUG - 请求URL: http://push2.eastmoney.com/api/qt/stock/get?ut=fa5fd1943c7b386f172d6893dbfba10b&invt=2&fltt=2&fields=f43,f44,f45,f46,f47,f48,f49,f50,f51,f52,f57,f58,f60,f84,f85,f116&secid=1.512000
2025-05-30 14:04:26,883 - DEBUG - http://push2.eastmoney.com:80 "GET /api/qt/stock/get?ut=fa5fd1943c7b386f172d6893dbfba10b&invt=2&fltt=2&fields=f43,f44,f45,f46,f47,f48,f49,f50,f51,f52,f57,f58,f60,f84,f85,f116&secid=1.512000 HTTP/1.1" 200 None
2025-05-30 14:04:26,884 - DEBUG - API返回数据: {'f43': 0.997, 'f44': 0.999, 'f45': 0.991, 'f46': 0.999, 'f47': 3083765, 'f48': 306862933.0, 'f49': 1319004, 'f50': 1.08, 'f51': 1.103, 'f52': 0.903, 'f57': '512000', 'f58': '券商ETF', 'f60': 1.003, 'f84': 22635917824.0, 'f85': 22635917824.0, 'f116': 22568010070.528}
2025-05-30 14:04:26,885 - INFO - 成功获取数据: {'time': '2025-05-30 14:04:26', 'name': '券商ETF', 'price': 0.997, 'change': -0.005999999999999894, 'change_pct': -0.5982053838484441, 'open': 0.999, 'high': 0.999, 'low': 0.991, 'prev_close': 1.003, 'volume': 3083765, 'amount': 30686.2933, 'turnover_rate': 0, 'flow_main': 0, 'flow_main_ratio': 0}
2025-05-30 14:04:30,610 - INFO - 
监控已停止
2025-05-30 14:04:34,467 - INFO - 开始监控ETF: 512000
2025-05-30 14:04:34,467 - DEBUG - 请求URL: http://push2.eastmoney.com/api/qt/stock/get?ut=fa5fd1943c7b386f172d6893dbfba10b&invt=2&fltt=2&fields=f43,f44,f45,f46,f47,f48,f49,f50,f51,f52,f57,f58,f60,f84,f85,f116&secid=1.512000
2025-05-30 14:04:34,470 - DEBUG - Starting new HTTP connection (1): push2.eastmoney.com:80
2025-05-30 14:04:34,493 - DEBUG - http://push2.eastmoney.com:80 "GET /api/qt/stock/get?ut=fa5fd1943c7b386f172d6893dbfba10b&invt=2&fltt=2&fields=f43,f44,f45,f46,f47,f48,f49,f50,f51,f52,f57,f58,f60,f84,f85,f116&secid=1.512000 HTTP/1.1" 200 None
2025-05-30 14:04:34,494 - DEBUG - API返回数据: {'f43': 0.997, 'f44': 0.999, 'f45': 0.991, 'f46': 0.999, 'f47': 3090771, 'f48': 307561431.0, 'f49': 1319010, 'f50': 1.08, 'f51': 1.103, 'f52': 0.903, 'f57': '512000', 'f58': '券商ETF', 'f60': 1.003, 'f84': 22635917824.0, 'f85': 22635917824.0, 'f116': 22568010070.528}
2025-05-30 14:04:34,495 - INFO - 成功获取数据: {'time': '2025-05-30 14:04:34', 'name': '券商ETF', 'price': 0.997, 'change': -0.005999999999999894, 'change_pct': -0.5982053838484441, 'open': 0.999, 'high': 0.999, 'low': 0.991, 'prev_close': 1.003, 'volume': 3090771, 'amount': 30756.1431, 'turnover_rate': 0, 'flow_main': 1319010, 'flow_main_ratio': 1.08}
2025-05-30 14:04:44,527 - DEBUG - 请求URL: http://push2.eastmoney.com/api/qt/stock/get?ut=fa5fd1943c7b386f172d6893dbfba10b&invt=2&fltt=2&fields=f43,f44,f45,f46,f47,f48,f49,f50,f51,f52,f57,f58,f60,f84,f85,f116&secid=1.512000
2025-05-30 14:04:44,538 - DEBUG - http://push2.eastmoney.com:80 "GET /api/qt/stock/get?ut=fa5fd1943c7b386f172d6893dbfba10b&invt=2&fltt=2&fields=f43,f44,f45,f46,f47,f48,f49,f50,f51,f52,f57,f58,f60,f84,f85,f116&secid=1.512000 HTTP/1.1" 200 None
2025-05-30 14:04:44,541 - DEBUG - API返回数据: {'f43': 0.997, 'f44': 0.999, 'f45': 0.991, 'f46': 0.999, 'f47': 3091022, 'f48': 307586456.0, 'f49': 1326180, 'f50': 1.08, 'f51': 1.103, 'f52': 0.903, 'f57': '512000', 'f58': '券商ETF', 'f60': 1.003, 'f84': 22635917824.0, 'f85': 22635917824.0, 'f116': 22568010070.528}
2025-05-30 14:04:44,542 - INFO - 成功获取数据: {'time': '2025-05-30 14:04:44', 'name': '券商ETF', 'price': 0.997, 'change': -0.005999999999999894, 'change_pct': -0.5982053838484441, 'open': 0.999, 'high': 0.999, 'low': 0.991, 'prev_close': 1.003, 'volume': 3091022, 'amount': 30758.6456, 'turnover_rate': 0, 'flow_main': 1326180, 'flow_main_ratio': 1.08}
2025-05-30 14:04:54,574 - DEBUG - 请求URL: http://push2.eastmoney.com/api/qt/stock/get?ut=fa5fd1943c7b386f172d6893dbfba10b&invt=2&fltt=2&fields=f43,f44,f45,f46,f47,f48,f49,f50,f51,f52,f57,f58,f60,f84,f85,f116&secid=1.512000
2025-05-30 14:04:54,587 - DEBUG - http://push2.eastmoney.com:80 "GET /api/qt/stock/get?ut=fa5fd1943c7b386f172d6893dbfba10b&invt=2&fltt=2&fields=f43,f44,f45,f46,f47,f48,f49,f50,f51,f52,f57,f58,f60,f84,f85,f116&secid=1.512000 HTTP/1.1" 200 None
2025-05-30 14:04:54,590 - DEBUG - API返回数据: {'f43': 0.997, 'f44': 0.999, 'f45': 0.991, 'f46': 0.999, 'f47': 3091022, 'f48': 307586456.0, 'f49': 1326261, 'f50': 1.08, 'f51': 1.103, 'f52': 0.903, 'f57': '512000', 'f58': '券商ETF', 'f60': 1.003, 'f84': 22635917824.0, 'f85': 22635917824.0, 'f116': 22568010070.528}
2025-05-30 14:04:54,591 - INFO - 成功获取数据: {'time': '2025-05-30 14:04:54', 'name': '券商ETF', 'price': 0.997, 'change': -0.005999999999999894, 'change_pct': -0.5982053838484441, 'open': 0.999, 'high': 0.999, 'low': 0.991, 'prev_close': 1.003, 'volume': 3091022, 'amount': 30758.6456, 'turnover_rate': 0, 'flow_main': 1326261, 'flow_main_ratio': 1.08}
2025-05-30 14:05:04,626 - DEBUG - 请求URL: http://push2.eastmoney.com/api/qt/stock/get?ut=fa5fd1943c7b386f172d6893dbfba10b&invt=2&fltt=2&fields=f43,f44,f45,f46,f47,f48,f49,f50,f51,f52,f57,f58,f60,f84,f85,f116&secid=1.512000
2025-05-30 14:05:04,636 - DEBUG - http://push2.eastmoney.com:80 "GET /api/qt/stock/get?ut=fa5fd1943c7b386f172d6893dbfba10b&invt=2&fltt=2&fields=f43,f44,f45,f46,f47,f48,f49,f50,f51,f52,f57,f58,f60,f84,f85,f116&secid=1.512000 HTTP/1.1" 200 None
2025-05-30 14:05:04,637 - DEBUG - API返回数据: {'f43': 0.997, 'f44': 0.999, 'f45': 0.991, 'f46': 0.999, 'f47': 3091034, 'f48': 307587652.0, 'f49': 1326270, 'f50': 1.08, 'f51': 1.103, 'f52': 0.903, 'f57': '512000', 'f58': '券商ETF', 'f60': 1.003, 'f84': 22635917824.0, 'f85': 22635917824.0, 'f116': 22568010070.528}
2025-05-30 14:05:04,638 - INFO - 成功获取数据: {'time': '2025-05-30 14:05:04', 'name': '券商ETF', 'price': 0.997, 'change': -0.005999999999999894, 'change_pct': -0.5982053838484441, 'open': 0.999, 'high': 0.999, 'low': 0.991, 'prev_close': 1.003, 'volume': 3091034, 'amount': 30758.7652, 'turnover_rate': 0, 'flow_main': 1326270, 'flow_main_ratio': 1.08}
2025-05-30 14:05:14,674 - DEBUG - 请求URL: http://push2.eastmoney.com/api/qt/stock/get?ut=fa5fd1943c7b386f172d6893dbfba10b&invt=2&fltt=2&fields=f43,f44,f45,f46,f47,f48,f49,f50,f51,f52,f57,f58,f60,f84,f85,f116&secid=1.512000
2025-05-30 14:05:14,685 - DEBUG - http://push2.eastmoney.com:80 "GET /api/qt/stock/get?ut=fa5fd1943c7b386f172d6893dbfba10b&invt=2&fltt=2&fields=f43,f44,f45,f46,f47,f48,f49,f50,f51,f52,f57,f58,f60,f84,f85,f116&secid=1.512000 HTTP/1.1" 200 None
2025-05-30 14:05:14,686 - DEBUG - API返回数据: {'f43': 0.997, 'f44': 0.999, 'f45': 0.991, 'f46': 0.999, 'f47': 3091034, 'f48': 307587652.0, 'f49': 1326273, 'f50': 1.08, 'f51': 1.103, 'f52': 0.903, 'f57': '512000', 'f58': '券商ETF', 'f60': 1.003, 'f84': 22635917824.0, 'f85': 22635917824.0, 'f116': 22568010070.528}
2025-05-30 14:05:14,687 - INFO - 成功获取数据: {'time': '2025-05-30 14:05:14', 'name': '券商ETF', 'price': 0.997, 'change': -0.005999999999999894, 'change_pct': -0.5982053838484441, 'open': 0.999, 'high': 0.999, 'low': 0.991, 'prev_close': 1.003, 'volume': 3091034, 'amount': 30758.7652, 'turnover_rate': 0, 'flow_main': 1326273, 'flow_main_ratio': 1.08}
2025-05-30 14:05:24,722 - DEBUG - 请求URL: http://push2.eastmoney.com/api/qt/stock/get?ut=fa5fd1943c7b386f172d6893dbfba10b&invt=2&fltt=2&fields=f43,f44,f45,f46,f47,f48,f49,f50,f51,f52,f57,f58,f60,f84,f85,f116&secid=1.512000
2025-05-30 14:05:24,732 - DEBUG - http://push2.eastmoney.com:80 "GET /api/qt/stock/get?ut=fa5fd1943c7b386f172d6893dbfba10b&invt=2&fltt=2&fields=f43,f44,f45,f46,f47,f48,f49,f50,f51,f52,f57,f58,f60,f84,f85,f116&secid=1.512000 HTTP/1.1" 200 None
2025-05-30 14:05:24,733 - DEBUG - API返回数据: {'f43': 0.996, 'f44': 0.999, 'f45': 0.991, 'f46': 0.999, 'f47': 3092084, 'f48': 307692332.0, 'f49': 1327273, 'f50': 1.08, 'f51': 1.103, 'f52': 0.903, 'f57': '512000', 'f58': '券商ETF', 'f60': 1.003, 'f84': 22635917824.0, 'f85': 22635917824.0, 'f116': 22545374152.704}
2025-05-30 14:05:24,734 - INFO - 成功获取数据: {'time': '2025-05-30 14:05:24', 'name': '券商ETF', 'price': 0.996, 'change': -0.006999999999999895, 'change_pct': -0.6979062811565201, 'open': 0.999, 'high': 0.999, 'low': 0.991, 'prev_close': 1.003, 'volume': 3092084, 'amount': 30769.2332, 'turnover_rate': 0, 'flow_main': 1327273, 'flow_main_ratio': 1.08}
2025-05-30 14:05:34,769 - DEBUG - 请求URL: http://push2.eastmoney.com/api/qt/stock/get?ut=fa5fd1943c7b386f172d6893dbfba10b&invt=2&fltt=2&fields=f43,f44,f45,f46,f47,f48,f49,f50,f51,f52,f57,f58,f60,f84,f85,f116&secid=1.512000
2025-05-30 14:05:34,778 - DEBUG - http://push2.eastmoney.com:80 "GET /api/qt/stock/get?ut=fa5fd1943c7b386f172d6893dbfba10b&invt=2&fltt=2&fields=f43,f44,f45,f46,f47,f48,f49,f50,f51,f52,f57,f58,f60,f84,f85,f116&secid=1.512000 HTTP/1.1" 200 None
2025-05-30 14:05:34,779 - DEBUG - API返回数据: {'f43': 0.997, 'f44': 0.999, 'f45': 0.991, 'f46': 0.999, 'f47': 3092144, 'f48': 307698314.0, 'f49': 1327333, 'f50': 1.08, 'f51': 1.103, 'f52': 0.903, 'f57': '512000', 'f58': '券商ETF', 'f60': 1.003, 'f84': 22635917824.0, 'f85': 22635917824.0, 'f116': 22568010070.528}
2025-05-30 14:05:34,780 - INFO - 成功获取数据: {'time': '2025-05-30 14:05:34', 'name': '券商ETF', 'price': 0.997, 'change': -0.005999999999999894, 'change_pct': -0.5982053838484441, 'open': 0.999, 'high': 0.999, 'low': 0.991, 'prev_close': 1.003, 'volume': 3092144, 'amount': 30769.8314, 'turnover_rate': 0, 'flow_main': 1327333, 'flow_main_ratio': 1.08}
2025-05-30 14:05:44,817 - DEBUG - 请求URL: http://push2.eastmoney.com/api/qt/stock/get?ut=fa5fd1943c7b386f172d6893dbfba10b&invt=2&fltt=2&fields=f43,f44,f45,f46,f47,f48,f49,f50,f51,f52,f57,f58,f60,f84,f85,f116&secid=1.512000
2025-05-30 14:05:44,827 - DEBUG - http://push2.eastmoney.com:80 "GET /api/qt/stock/get?ut=fa5fd1943c7b386f172d6893dbfba10b&invt=2&fltt=2&fields=f43,f44,f45,f46,f47,f48,f49,f50,f51,f52,f57,f58,f60,f84,f85,f116&secid=1.512000 HTTP/1.1" 200 None
2025-05-30 14:05:44,830 - DEBUG - API返回数据: {'f43': 0.996, 'f44': 0.999, 'f45': 0.991, 'f46': 0.999, 'f47': 3092149, 'f48': 307698812.0, 'f49': 1327333, 'f50': 1.08, 'f51': 1.103, 'f52': 0.903, 'f57': '512000', 'f58': '券商ETF', 'f60': 1.003, 'f84': 22635917824.0, 'f85': 22635917824.0, 'f116': 22545374152.704}
2025-05-30 14:05:44,831 - INFO - 成功获取数据: {'time': '2025-05-30 14:05:44', 'name': '券商ETF', 'price': 0.996, 'change': -0.006999999999999895, 'change_pct': -0.6979062811565201, 'open': 0.999, 'high': 0.999, 'low': 0.991, 'prev_close': 1.003, 'volume': 3092149, 'amount': 30769.8812, 'turnover_rate': 0, 'flow_main': 1327333, 'flow_main_ratio': 1.08}
2025-05-30 14:05:54,860 - DEBUG - 请求URL: http://push2.eastmoney.com/api/qt/stock/get?ut=fa5fd1943c7b386f172d6893dbfba10b&invt=2&fltt=2&fields=f43,f44,f45,f46,f47,f48,f49,f50,f51,f52,f57,f58,f60,f84,f85,f116&secid=1.512000
2025-05-30 14:05:54,890 - DEBUG - http://push2.eastmoney.com:80 "GET /api/qt/stock/get?ut=fa5fd1943c7b386f172d6893dbfba10b&invt=2&fltt=2&fields=f43,f44,f45,f46,f47,f48,f49,f50,f51,f52,f57,f58,f60,f84,f85,f116&secid=1.512000 HTTP/1.1" 200 None
2025-05-30 14:05:54,891 - DEBUG - API返回数据: {'f43': 0.996, 'f44': 0.999, 'f45': 0.991, 'f46': 0.999, 'f47': 3092149, 'f48': 307698812.0, 'f49': 1327333, 'f50': 1.08, 'f51': 1.103, 'f52': 0.903, 'f57': '512000', 'f58': '券商ETF', 'f60': 1.003, 'f84': 22635917824.0, 'f85': 22635917824.0, 'f116': 22545374152.704}
2025-05-30 14:05:54,892 - INFO - 成功获取数据: {'time': '2025-05-30 14:05:54', 'name': '券商ETF', 'price': 0.996, 'change': -0.006999999999999895, 'change_pct': -0.6979062811565201, 'open': 0.999, 'high': 0.999, 'low': 0.991, 'prev_close': 1.003, 'volume': 3092149, 'amount': 30769.8812, 'turnover_rate': 0, 'flow_main': 1327333, 'flow_main_ratio': 1.08}
2025-05-30 14:06:04,927 - DEBUG - 请求URL: http://push2.eastmoney.com/api/qt/stock/get?ut=fa5fd1943c7b386f172d6893dbfba10b&invt=2&fltt=2&fields=f43,f44,f45,f46,f47,f48,f49,f50,f51,f52,f57,f58,f60,f84,f85,f116&secid=1.512000
2025-05-30 14:06:04,940 - DEBUG - http://push2.eastmoney.com:80 "GET /api/qt/stock/get?ut=fa5fd1943c7b386f172d6893dbfba10b&invt=2&fltt=2&fields=f43,f44,f45,f46,f47,f48,f49,f50,f51,f52,f57,f58,f60,f84,f85,f116&secid=1.512000 HTTP/1.1" 200 None
2025-05-30 14:06:04,943 - DEBUG - API返回数据: {'f43': 0.996, 'f44': 0.999, 'f45': 0.991, 'f46': 0.999, 'f47': 3092149, 'f48': 307698812.0, 'f49': 1327333, 'f50': 1.07, 'f51': 1.103, 'f52': 0.903, 'f57': '512000', 'f58': '券商ETF', 'f60': 1.003, 'f84': 22635917824.0, 'f85': 22635917824.0, 'f116': 22545374152.704}
2025-05-30 14:06:04,944 - INFO - 成功获取数据: {'time': '2025-05-30 14:06:04', 'name': '券商ETF', 'price': 0.996, 'change': -0.006999999999999895, 'change_pct': -0.6979062811565201, 'open': 0.999, 'high': 0.999, 'low': 0.991, 'prev_close': 1.003, 'volume': 3092149, 'amount': 30769.8812, 'turnover_rate': 0, 'flow_main': 1327333, 'flow_main_ratio': 1.07}
2025-05-30 14:06:11,391 - INFO - 
监控已停止
2025-05-30 14:06:11,694 - INFO - 开始监控ETF: 512000
2025-05-30 14:06:11,694 - DEBUG - 请求URL: http://push2.eastmoney.com/api/qt/stock/get?ut=fa5fd1943c7b386f172d6893dbfba10b&invt=2&fltt=2&fields=f43,f44,f45,f46,f47,f48,f49,f50,f51,f52,f57,f58,f60,f84,f85,f116&secid=1.512000
2025-05-30 14:06:11,698 - DEBUG - Starting new HTTP connection (1): push2.eastmoney.com:80
2025-05-30 14:06:11,720 - DEBUG - http://push2.eastmoney.com:80 "GET /api/qt/stock/get?ut=fa5fd1943c7b386f172d6893dbfba10b&invt=2&fltt=2&fields=f43,f44,f45,f46,f47,f48,f49,f50,f51,f52,f57,f58,f60,f84,f85,f116&secid=1.512000 HTTP/1.1" 200 None
2025-05-30 14:06:11,722 - DEBUG - API返回数据: {'f43': 0.996, 'f44': 0.999, 'f45': 0.991, 'f46': 0.999, 'f47': 3092149, 'f48': 307698812.0, 'f49': 1327333, 'f50': 1.07, 'f51': 1.103, 'f52': 0.903, 'f57': '512000', 'f58': '券商ETF', 'f60': 1.003, 'f84': 22635917824.0, 'f85': 22635917824.0, 'f116': 22545374152.704}
2025-05-30 14:06:11,723 - INFO - 成功获取数据: {'time': '2025-05-30 14:06:11', 'name': '券商ETF', 'price': 0.996, 'change': -0.006999999999999895, 'change_pct': -0.6979062811565201, 'open': 0.999, 'high': 0.999, 'low': 0.991, 'prev_close': 1.003, 'volume': 3092149, 'amount': 30769.8812, 'turnover_rate': 0, 'flow_main': 1327333, 'flow_main_ratio': 1.07}
2025-05-30 14:06:21,753 - DEBUG - 请求URL: http://push2.eastmoney.com/api/qt/stock/get?ut=fa5fd1943c7b386f172d6893dbfba10b&invt=2&fltt=2&fields=f43,f44,f45,f46,f47,f48,f49,f50,f51,f52,f57,f58,f60,f84,f85,f116&secid=1.512000
2025-05-30 14:06:21,764 - DEBUG - http://push2.eastmoney.com:80 "GET /api/qt/stock/get?ut=fa5fd1943c7b386f172d6893dbfba10b&invt=2&fltt=2&fields=f43,f44,f45,f46,f47,f48,f49,f50,f51,f52,f57,f58,f60,f84,f85,f116&secid=1.512000 HTTP/1.1" 200 None
2025-05-30 14:06:21,765 - DEBUG - API返回数据: {'f43': 0.996, 'f44': 0.999, 'f45': 0.991, 'f46': 0.999, 'f47': 3092149, 'f48': 307698812.0, 'f49': 1327333, 'f50': 1.07, 'f51': 1.103, 'f52': 0.903, 'f57': '512000', 'f58': '券商ETF', 'f60': 1.003, 'f84': 22635917824.0, 'f85': 22635917824.0, 'f116': 22545374152.704}
2025-05-30 14:06:21,766 - INFO - 成功获取数据: {'time': '2025-05-30 14:06:21', 'name': '券商ETF', 'price': 0.996, 'change': -0.006999999999999895, 'change_pct': -0.6979062811565201, 'open': 0.999, 'high': 0.999, 'low': 0.991, 'prev_close': 1.003, 'volume': 3092149, 'amount': 30769.8812, 'turnover_rate': 0, 'flow_main': 1327333, 'flow_main_ratio': 1.07}
2025-05-30 14:06:31,804 - DEBUG - 请求URL: http://push2.eastmoney.com/api/qt/stock/get?ut=fa5fd1943c7b386f172d6893dbfba10b&invt=2&fltt=2&fields=f43,f44,f45,f46,f47,f48,f49,f50,f51,f52,f57,f58,f60,f84,f85,f116&secid=1.512000
2025-05-30 14:06:31,819 - DEBUG - http://push2.eastmoney.com:80 "GET /api/qt/stock/get?ut=fa5fd1943c7b386f172d6893dbfba10b&invt=2&fltt=2&fields=f43,f44,f45,f46,f47,f48,f49,f50,f51,f52,f57,f58,f60,f84,f85,f116&secid=1.512000 HTTP/1.1" 200 None
2025-05-30 14:06:31,820 - DEBUG - API返回数据: {'f43': 0.997, 'f44': 0.999, 'f45': 0.991, 'f46': 0.999, 'f47': 3092226, 'f48': 307706489.0, 'f49': 1327410, 'f50': 1.07, 'f51': 1.103, 'f52': 0.903, 'f57': '512000', 'f58': '券商ETF', 'f60': 1.003, 'f84': 22635917824.0, 'f85': 22635917824.0, 'f116': 22568010070.528}
2025-05-30 14:06:31,821 - INFO - 成功获取数据: {'time': '2025-05-30 14:06:31', 'name': '券商ETF', 'price': 0.997, 'change': -0.005999999999999894, 'change_pct': -0.5982053838484441, 'open': 0.999, 'high': 0.999, 'low': 0.991, 'prev_close': 1.003, 'volume': 3092226, 'amount': 30770.6489, 'turnover_rate': 0, 'flow_main': 1327410, 'flow_main_ratio': 1.07}
2025-05-30 14:06:41,852 - DEBUG - 请求URL: http://push2.eastmoney.com/api/qt/stock/get?ut=fa5fd1943c7b386f172d6893dbfba10b&invt=2&fltt=2&fields=f43,f44,f45,f46,f47,f48,f49,f50,f51,f52,f57,f58,f60,f84,f85,f116&secid=1.512000
2025-05-30 14:06:41,864 - DEBUG - http://push2.eastmoney.com:80 "GET /api/qt/stock/get?ut=fa5fd1943c7b386f172d6893dbfba10b&invt=2&fltt=2&fields=f43,f44,f45,f46,f47,f48,f49,f50,f51,f52,f57,f58,f60,f84,f85,f116&secid=1.512000 HTTP/1.1" 200 None
2025-05-30 14:06:41,865 - DEBUG - API返回数据: {'f43': 0.996, 'f44': 0.999, 'f45': 0.991, 'f46': 0.999, 'f47': 3092326, 'f48': 307716449.0, 'f49': 1327410, 'f50': 1.07, 'f51': 1.103, 'f52': 0.903, 'f57': '512000', 'f58': '券商ETF', 'f60': 1.003, 'f84': 22635917824.0, 'f85': 22635917824.0, 'f116': 22545374152.704}
2025-05-30 14:06:41,866 - INFO - 成功获取数据: {'time': '2025-05-30 14:06:41', 'name': '券商ETF', 'price': 0.996, 'change': -0.006999999999999895, 'change_pct': -0.6979062811565201, 'open': 0.999, 'high': 0.999, 'low': 0.991, 'prev_close': 1.003, 'volume': 3092326, 'amount': 30771.6449, 'turnover_rate': 0, 'flow_main': 1327410, 'flow_main_ratio': 1.07}
2025-05-30 14:06:51,899 - DEBUG - 请求URL: http://push2.eastmoney.com/api/qt/stock/get?ut=fa5fd1943c7b386f172d6893dbfba10b&invt=2&fltt=2&fields=f43,f44,f45,f46,f47,f48,f49,f50,f51,f52,f57,f58,f60,f84,f85,f116&secid=1.512000
2025-05-30 14:06:51,910 - DEBUG - http://push2.eastmoney.com:80 "GET /api/qt/stock/get?ut=fa5fd1943c7b386f172d6893dbfba10b&invt=2&fltt=2&fields=f43,f44,f45,f46,f47,f48,f49,f50,f51,f52,f57,f58,f60,f84,f85,f116&secid=1.512000 HTTP/1.1" 200 None
2025-05-30 14:06:51,913 - DEBUG - API返回数据: {'f43': 0.997, 'f44': 0.999, 'f45': 0.991, 'f46': 0.999, 'f47': 3092343, 'f48': 307718144.0, 'f49': 1327417, 'f50': 1.07, 'f51': 1.103, 'f52': 0.903, 'f57': '512000', 'f58': '券商ETF', 'f60': 1.003, 'f84': 22635917824.0, 'f85': 22635917824.0, 'f116': 22568010070.528}
2025-05-30 14:06:51,915 - INFO - 成功获取数据: {'time': '2025-05-30 14:06:51', 'name': '券商ETF', 'price': 0.997, 'change': -0.005999999999999894, 'change_pct': -0.5982053838484441, 'open': 0.999, 'high': 0.999, 'low': 0.991, 'prev_close': 1.003, 'volume': 3092343, 'amount': 30771.8144, 'turnover_rate': 0, 'flow_main': 1327417, 'flow_main_ratio': 1.07}
2025-05-30 14:07:01,954 - DEBUG - 请求URL: http://push2.eastmoney.com/api/qt/stock/get?ut=fa5fd1943c7b386f172d6893dbfba10b&invt=2&fltt=2&fields=f43,f44,f45,f46,f47,f48,f49,f50,f51,f52,f57,f58,f60,f84,f85,f116&secid=1.512000
2025-05-30 14:07:01,970 - DEBUG - http://push2.eastmoney.com:80 "GET /api/qt/stock/get?ut=fa5fd1943c7b386f172d6893dbfba10b&invt=2&fltt=2&fields=f43,f44,f45,f46,f47,f48,f49,f50,f51,f52,f57,f58,f60,f84,f85,f116&secid=1.512000 HTTP/1.1" 200 None
2025-05-30 14:07:01,972 - DEBUG - API返回数据: {'f43': 0.997, 'f44': 0.999, 'f45': 0.991, 'f46': 0.999, 'f47': 3092412, 'f48': 307725023.0, 'f49': 1327496, 'f50': 1.07, 'f51': 1.103, 'f52': 0.903, 'f57': '512000', 'f58': '券商ETF', 'f60': 1.003, 'f84': 22635917824.0, 'f85': 22635917824.0, 'f116': 22568010070.528}
2025-05-30 14:07:01,973 - INFO - 成功获取数据: {'time': '2025-05-30 14:07:01', 'name': '券商ETF', 'price': 0.997, 'change': -0.005999999999999894, 'change_pct': -0.5982053838484441, 'open': 0.999, 'high': 0.999, 'low': 0.991, 'prev_close': 1.003, 'volume': 3092412, 'amount': 30772.5023, 'turnover_rate': 0, 'flow_main': 1327496, 'flow_main_ratio': 1.07}
2025-05-30 14:07:25,439 - INFO - 开始监控ETF: 512000
2025-05-30 14:07:25,441 - DEBUG - 请求URL: http://push2.eastmoney.com/api/qt/stock/get?ut=fa5fd1943c7b386f172d6893dbfba10b&invt=2&fltt=2&fields=f43,f44,f45,f46,f47,f48,f49,f50,f51,f52,f57,f58,f60,f84,f85,f116&secid=1.512000
2025-05-30 14:07:25,447 - DEBUG - Starting new HTTP connection (1): push2.eastmoney.com:80
2025-05-30 14:07:25,469 - DEBUG - http://push2.eastmoney.com:80 "GET /api/qt/stock/get?ut=fa5fd1943c7b386f172d6893dbfba10b&invt=2&fltt=2&fields=f43,f44,f45,f46,f47,f48,f49,f50,f51,f52,f57,f58,f60,f84,f85,f116&secid=1.512000 HTTP/1.1" 200 None
2025-05-30 14:07:25,470 - DEBUG - API返回数据: {'f43': 0.997, 'f44': 0.999, 'f45': 0.991, 'f46': 0.999, 'f47': 3092462, 'f48': 307730008.0, 'f49': 1327546, 'f50': 1.07, 'f51': 1.103, 'f52': 0.903, 'f57': '512000', 'f58': '券商ETF', 'f60': 1.003, 'f84': 22635917824.0, 'f85': 22635917824.0, 'f116': 22568010070.528}
2025-05-30 14:07:25,471 - INFO - 成功获取数据: {'time': '2025-05-30 14:07:25', 'name': '券商ETF', 'price': 0.997, 'change': -0.005999999999999894, 'change_pct': -0.5982053838484441, 'open': 0.999, 'high': 0.999, 'low': 0.991, 'prev_close': 1.003, 'volume': 3092462, 'amount': 30773.0008, 'turnover_rate': 0, 'flow_main': 1327546, 'flow_main_ratio': 1.07}
2025-05-30 14:07:35,500 - DEBUG - 请求URL: http://push2.eastmoney.com/api/qt/stock/get?ut=fa5fd1943c7b386f172d6893dbfba10b&invt=2&fltt=2&fields=f43,f44,f45,f46,f47,f48,f49,f50,f51,f52,f57,f58,f60,f84,f85,f116&secid=1.512000
2025-05-30 14:07:35,510 - DEBUG - http://push2.eastmoney.com:80 "GET /api/qt/stock/get?ut=fa5fd1943c7b386f172d6893dbfba10b&invt=2&fltt=2&fields=f43,f44,f45,f46,f47,f48,f49,f50,f51,f52,f57,f58,f60,f84,f85,f116&secid=1.512000 HTTP/1.1" 200 None
2025-05-30 14:07:35,511 - DEBUG - API返回数据: {'f43': 0.997, 'f44': 0.999, 'f45': 0.991, 'f46': 0.999, 'f47': 3092462, 'f48': 307730008.0, 'f49': 1327546, 'f50': 1.07, 'f51': 1.103, 'f52': 0.903, 'f57': '512000', 'f58': '券商ETF', 'f60': 1.003, 'f84': 22635917824.0, 'f85': 22635917824.0, 'f116': 22568010070.528}
2025-05-30 14:07:35,511 - INFO - 成功获取数据: {'time': '2025-05-30 14:07:35', 'name': '券商ETF', 'price': 0.997, 'change': -0.005999999999999894, 'change_pct': -0.5982053838484441, 'open': 0.999, 'high': 0.999, 'low': 0.991, 'prev_close': 1.003, 'volume': 3092462, 'amount': 30773.0008, 'turnover_rate': 0, 'flow_main': 1327546, 'flow_main_ratio': 1.07}
2025-05-30 14:07:45,544 - DEBUG - 请求URL: http://push2.eastmoney.com/api/qt/stock/get?ut=fa5fd1943c7b386f172d6893dbfba10b&invt=2&fltt=2&fields=f43,f44,f45,f46,f47,f48,f49,f50,f51,f52,f57,f58,f60,f84,f85,f116&secid=1.512000
2025-05-30 14:07:45,553 - DEBUG - http://push2.eastmoney.com:80 "GET /api/qt/stock/get?ut=fa5fd1943c7b386f172d6893dbfba10b&invt=2&fltt=2&fields=f43,f44,f45,f46,f47,f48,f49,f50,f51,f52,f57,f58,f60,f84,f85,f116&secid=1.512000 HTTP/1.1" 200 None
2025-05-30 14:07:45,555 - DEBUG - API返回数据: {'f43': 0.996, 'f44': 0.999, 'f45': 0.991, 'f46': 0.999, 'f47': 3092750, 'f48': 307758693.0, 'f49': 1327546, 'f50': 1.07, 'f51': 1.103, 'f52': 0.903, 'f57': '512000', 'f58': '券商ETF', 'f60': 1.003, 'f84': 22635917824.0, 'f85': 22635917824.0, 'f116': 22545374152.704}
2025-05-30 14:07:45,555 - INFO - 成功获取数据: {'time': '2025-05-30 14:07:45', 'name': '券商ETF', 'price': 0.996, 'change': -0.006999999999999895, 'change_pct': -0.6979062811565201, 'open': 0.999, 'high': 0.999, 'low': 0.991, 'prev_close': 1.003, 'volume': 3092750, 'amount': 30775.8693, 'turnover_rate': 0, 'flow_main': 1327546, 'flow_main_ratio': 1.07}
2025-05-30 14:07:55,589 - DEBUG - 请求URL: http://push2.eastmoney.com/api/qt/stock/get?ut=fa5fd1943c7b386f172d6893dbfba10b&invt=2&fltt=2&fields=f43,f44,f45,f46,f47,f48,f49,f50,f51,f52,f57,f58,f60,f84,f85,f116&secid=1.512000
2025-05-30 14:07:55,600 - DEBUG - http://push2.eastmoney.com:80 "GET /api/qt/stock/get?ut=fa5fd1943c7b386f172d6893dbfba10b&invt=2&fltt=2&fields=f43,f44,f45,f46,f47,f48,f49,f50,f51,f52,f57,f58,f60,f84,f85,f116&secid=1.512000 HTTP/1.1" 200 None
2025-05-30 14:07:55,601 - DEBUG - API返回数据: {'f43': 0.996, 'f44': 0.999, 'f45': 0.991, 'f46': 0.999, 'f47': 3092750, 'f48': 307758693.0, 'f49': 1327546, 'f50': 1.07, 'f51': 1.103, 'f52': 0.903, 'f57': '512000', 'f58': '券商ETF', 'f60': 1.003, 'f84': 22635917824.0, 'f85': 22635917824.0, 'f116': 22545374152.704}
2025-05-30 14:07:55,602 - INFO - 成功获取数据: {'time': '2025-05-30 14:07:55', 'name': '券商ETF', 'price': 0.996, 'change': -0.006999999999999895, 'change_pct': -0.6979062811565201, 'open': 0.999, 'high': 0.999, 'low': 0.991, 'prev_close': 1.003, 'volume': 3092750, 'amount': 30775.8693, 'turnover_rate': 0, 'flow_main': 1327546, 'flow_main_ratio': 1.07}
2025-05-30 14:08:05,633 - DEBUG - 请求URL: http://push2.eastmoney.com/api/qt/stock/get?ut=fa5fd1943c7b386f172d6893dbfba10b&invt=2&fltt=2&fields=f43,f44,f45,f46,f47,f48,f49,f50,f51,f52,f57,f58,f60,f84,f85,f116&secid=1.512000
2025-05-30 14:08:05,642 - DEBUG - http://push2.eastmoney.com:80 "GET /api/qt/stock/get?ut=fa5fd1943c7b386f172d6893dbfba10b&invt=2&fltt=2&fields=f43,f44,f45,f46,f47,f48,f49,f50,f51,f52,f57,f58,f60,f84,f85,f116&secid=1.512000 HTTP/1.1" 200 None
2025-05-30 14:08:05,645 - DEBUG - API返回数据: {'f43': 0.997, 'f44': 0.999, 'f45': 0.991, 'f46': 0.999, 'f47': 3092778, 'f48': 307761485.0, 'f49': 1327574, 'f50': 1.06, 'f51': 1.103, 'f52': 0.903, 'f57': '512000', 'f58': '券商ETF', 'f60': 1.003, 'f84': 22635917824.0, 'f85': 22635917824.0, 'f116': 22568010070.528}
2025-05-30 14:08:05,646 - INFO - 成功获取数据: {'time': '2025-05-30 14:08:05', 'name': '券商ETF', 'price': 0.997, 'change': -0.005999999999999894, 'change_pct': -0.5982053838484441, 'open': 0.999, 'high': 0.999, 'low': 0.991, 'prev_close': 1.003, 'volume': 3092778, 'amount': 30776.1485, 'turnover_rate': 0, 'flow_main': 1327574, 'flow_main_ratio': 1.06}
2025-05-30 14:08:15,683 - DEBUG - 请求URL: http://push2.eastmoney.com/api/qt/stock/get?ut=fa5fd1943c7b386f172d6893dbfba10b&invt=2&fltt=2&fields=f43,f44,f45,f46,f47,f48,f49,f50,f51,f52,f57,f58,f60,f84,f85,f116&secid=1.512000
2025-05-30 14:08:15,694 - DEBUG - http://push2.eastmoney.com:80 "GET /api/qt/stock/get?ut=fa5fd1943c7b386f172d6893dbfba10b&invt=2&fltt=2&fields=f43,f44,f45,f46,f47,f48,f49,f50,f51,f52,f57,f58,f60,f84,f85,f116&secid=1.512000 HTTP/1.1" 200 None
2025-05-30 14:08:15,696 - DEBUG - API返回数据: {'f43': 0.997, 'f44': 0.999, 'f45': 0.991, 'f46': 0.999, 'f47': 3092870, 'f48': 307770655.0, 'f49': 1327574, 'f50': 1.06, 'f51': 1.103, 'f52': 0.903, 'f57': '512000', 'f58': '券商ETF', 'f60': 1.003, 'f84': 22635917824.0, 'f85': 22635917824.0, 'f116': 22568010070.528}
2025-05-30 14:08:15,697 - INFO - 成功获取数据: {'time': '2025-05-30 14:08:15', 'name': '券商ETF', 'price': 0.997, 'change': -0.005999999999999894, 'change_pct': -0.5982053838484441, 'open': 0.999, 'high': 0.999, 'low': 0.991, 'prev_close': 1.003, 'volume': 3092870, 'amount': 30777.0655, 'turnover_rate': 0, 'flow_main': 1327574, 'flow_main_ratio': 1.06}
2025-05-30 14:08:25,744 - DEBUG - 请求URL: http://push2.eastmoney.com/api/qt/stock/get?ut=fa5fd1943c7b386f172d6893dbfba10b&invt=2&fltt=2&fields=f43,f44,f45,f46,f47,f48,f49,f50,f51,f52,f57,f58,f60,f84,f85,f116&secid=1.512000
2025-05-30 14:08:25,752 - DEBUG - http://push2.eastmoney.com:80 "GET /api/qt/stock/get?ut=fa5fd1943c7b386f172d6893dbfba10b&invt=2&fltt=2&fields=f43,f44,f45,f46,f47,f48,f49,f50,f51,f52,f57,f58,f60,f84,f85,f116&secid=1.512000 HTTP/1.1" 200 None
2025-05-30 14:08:25,753 - DEBUG - API返回数据: {'f43': 0.996, 'f44': 0.999, 'f45': 0.991, 'f46': 0.999, 'f47': 3092930, 'f48': 307776631.0, 'f49': 1327651, 'f50': 1.06, 'f51': 1.103, 'f52': 0.903, 'f57': '512000', 'f58': '券商ETF', 'f60': 1.003, 'f84': 22635917824.0, 'f85': 22635917824.0, 'f116': 22545374152.704}
2025-05-30 14:08:25,754 - INFO - 成功获取数据: {'time': '2025-05-30 14:08:25', 'name': '券商ETF', 'price': 0.996, 'change': -0.006999999999999895, 'change_pct': -0.6979062811565201, 'open': 0.999, 'high': 0.999, 'low': 0.991, 'prev_close': 1.003, 'volume': 3092930, 'amount': 30777.6631, 'turnover_rate': 0, 'flow_main': 1327651, 'flow_main_ratio': 1.06}
2025-05-30 14:08:35,791 - DEBUG - 请求URL: http://push2.eastmoney.com/api/qt/stock/get?ut=fa5fd1943c7b386f172d6893dbfba10b&invt=2&fltt=2&fields=f43,f44,f45,f46,f47,f48,f49,f50,f51,f52,f57,f58,f60,f84,f85,f116&secid=1.512000
2025-05-30 14:08:35,801 - DEBUG - http://push2.eastmoney.com:80 "GET /api/qt/stock/get?ut=fa5fd1943c7b386f172d6893dbfba10b&invt=2&fltt=2&fields=f43,f44,f45,f46,f47,f48,f49,f50,f51,f52,f57,f58,f60,f84,f85,f116&secid=1.512000 HTTP/1.1" 200 None
2025-05-30 14:08:35,802 - DEBUG - API返回数据: {'f43': 0.996, 'f44': 0.999, 'f45': 0.991, 'f46': 0.999, 'f47': 3092983, 'f48': 307781910.0, 'f49': 1327651, 'f50': 1.06, 'f51': 1.103, 'f52': 0.903, 'f57': '512000', 'f58': '券商ETF', 'f60': 1.003, 'f84': 22635917824.0, 'f85': 22635917824.0, 'f116': 22545374152.704}
2025-05-30 14:08:35,804 - INFO - 成功获取数据: {'time': '2025-05-30 14:08:35', 'name': '券商ETF', 'price': 0.996, 'change': -0.006999999999999895, 'change_pct': -0.6979062811565201, 'open': 0.999, 'high': 0.999, 'low': 0.991, 'prev_close': 1.003, 'volume': 3092983, 'amount': 30778.191, 'turnover_rate': 0, 'flow_main': 1327651, 'flow_main_ratio': 1.06}
2025-05-30 14:08:45,838 - DEBUG - 请求URL: http://push2.eastmoney.com/api/qt/stock/get?ut=fa5fd1943c7b386f172d6893dbfba10b&invt=2&fltt=2&fields=f43,f44,f45,f46,f47,f48,f49,f50,f51,f52,f57,f58,f60,f84,f85,f116&secid=1.512000
2025-05-30 14:08:45,848 - DEBUG - http://push2.eastmoney.com:80 "GET /api/qt/stock/get?ut=fa5fd1943c7b386f172d6893dbfba10b&invt=2&fltt=2&fields=f43,f44,f45,f46,f47,f48,f49,f50,f51,f52,f57,f58,f60,f84,f85,f116&secid=1.512000 HTTP/1.1" 200 None
2025-05-30 14:08:45,851 - DEBUG - API返回数据: {'f43': 0.996, 'f44': 0.999, 'f45': 0.991, 'f46': 0.999, 'f47': 3093063, 'f48': 307789878.0, 'f49': 1327651, 'f50': 1.06, 'f51': 1.103, 'f52': 0.903, 'f57': '512000', 'f58': '券商ETF', 'f60': 1.003, 'f84': 22635917824.0, 'f85': 22635917824.0, 'f116': 22545374152.704}
2025-05-30 14:08:45,852 - INFO - 成功获取数据: {'time': '2025-05-30 14:08:45', 'name': '券商ETF', 'price': 0.996, 'change': -0.006999999999999895, 'change_pct': -0.6979062811565201, 'open': 0.999, 'high': 0.999, 'low': 0.991, 'prev_close': 1.003, 'volume': 3093063, 'amount': 30778.9878, 'turnover_rate': 0, 'flow_main': 1327651, 'flow_main_ratio': 1.06}
2025-05-30 14:09:05,672 - INFO - 开始监控ETF: 512000
2025-05-30 14:09:05,672 - DEBUG - 请求URL: http://push2.eastmoney.com/api/qt/stock/get?ut=fa5fd1943c7b386f172d6893dbfba10b&invt=2&fltt=2&fields=f43,f44,f45,f46,f47,f48,f49,f50,f51,f52,f57,f58,f60,f84,f85,f116&secid=1.512000
2025-05-30 14:09:05,676 - DEBUG - Starting new HTTP connection (1): push2.eastmoney.com:80
2025-05-30 14:09:05,831 - DEBUG - http://push2.eastmoney.com:80 "GET /api/qt/stock/get?ut=fa5fd1943c7b386f172d6893dbfba10b&invt=2&fltt=2&fields=f43,f44,f45,f46,f47,f48,f49,f50,f51,f52,f57,f58,f60,f84,f85,f116&secid=1.512000 HTTP/1.1" 200 None
2025-05-30 14:09:05,833 - DEBUG - API返回数据: {'f43': 0.996, 'f44': 0.999, 'f45': 0.991, 'f46': 0.999, 'f47': 3093763, 'f48': 307859598.0, 'f49': 1327651, 'f50': 1.06, 'f51': 1.103, 'f52': 0.903, 'f57': '512000', 'f58': '券商ETF', 'f60': 1.003, 'f84': 22635917824.0, 'f85': 22635917824.0, 'f116': 22545374152.704}
2025-05-30 14:09:05,833 - INFO - 成功获取数据: {'time': '2025-05-30 14:09:05', 'name': '券商ETF', 'price': 0.996, 'change': -0.006999999999999895, 'change_pct': -0.6979062811565201, 'open': 0.999, 'high': 0.999, 'low': 0.991, 'prev_close': 1.003, 'volume': 3093763, 'amount': 30785.9598, 'turnover_rate': 0}
2025-05-30 14:09:16,794 - INFO - 开始监控ETF: 512000
2025-05-30 14:09:16,795 - DEBUG - 请求URL: http://push2.eastmoney.com/api/qt/stock/get?ut=fa5fd1943c7b386f172d6893dbfba10b&invt=2&fltt=2&fields=f43,f44,f45,f46,f47,f48,f49,f50,f51,f52,f57,f58,f60,f84,f85,f116&secid=1.512000
2025-05-30 14:09:16,799 - DEBUG - Starting new HTTP connection (1): push2.eastmoney.com:80
2025-05-30 14:09:16,915 - DEBUG - http://push2.eastmoney.com:80 "GET /api/qt/stock/get?ut=fa5fd1943c7b386f172d6893dbfba10b&invt=2&fltt=2&fields=f43,f44,f45,f46,f47,f48,f49,f50,f51,f52,f57,f58,f60,f84,f85,f116&secid=1.512000 HTTP/1.1" 200 None
2025-05-30 14:09:16,917 - DEBUG - API返回数据: {'f43': 0.996, 'f44': 0.999, 'f45': 0.991, 'f46': 0.999, 'f47': 3093814, 'f48': 307864678.0, 'f49': 1327651, 'f50': 1.06, 'f51': 1.103, 'f52': 0.903, 'f57': '512000', 'f58': '券商ETF', 'f60': 1.003, 'f84': 22635917824.0, 'f85': 22635917824.0, 'f116': 22545374152.704}
2025-05-30 14:09:16,918 - INFO - 成功获取数据: {'time': '2025-05-30 14:09:16', 'name': '券商ETF', 'price': 0.996, 'change': -0.006999999999999895, 'change_pct': -0.6979062811565201, 'open': 0.999, 'high': 0.999, 'low': 0.991, 'prev_close': 1.003, 'volume': 3093814, 'amount': 30786.4678, 'turnover_rate': 0}
2025-05-30 14:09:26,952 - DEBUG - 请求URL: http://push2.eastmoney.com/api/qt/stock/get?ut=fa5fd1943c7b386f172d6893dbfba10b&invt=2&fltt=2&fields=f43,f44,f45,f46,f47,f48,f49,f50,f51,f52,f57,f58,f60,f84,f85,f116&secid=1.512000
2025-05-30 14:09:27,024 - DEBUG - http://push2.eastmoney.com:80 "GET /api/qt/stock/get?ut=fa5fd1943c7b386f172d6893dbfba10b&invt=2&fltt=2&fields=f43,f44,f45,f46,f47,f48,f49,f50,f51,f52,f57,f58,f60,f84,f85,f116&secid=1.512000 HTTP/1.1" 200 None
2025-05-30 14:09:27,026 - DEBUG - API返回数据: {'f43': 0.996, 'f44': 0.999, 'f45': 0.991, 'f46': 0.999, 'f47': 3094014, 'f48': 307884598.0, 'f49': 1327652, 'f50': 1.06, 'f51': 1.103, 'f52': 0.903, 'f57': '512000', 'f58': '券商ETF', 'f60': 1.003, 'f84': 22635917824.0, 'f85': 22635917824.0, 'f116': 22545374152.704}
2025-05-30 14:09:27,027 - INFO - 成功获取数据: {'time': '2025-05-30 14:09:27', 'name': '券商ETF', 'price': 0.996, 'change': -0.006999999999999895, 'change_pct': -0.6979062811565201, 'open': 0.999, 'high': 0.999, 'low': 0.991, 'prev_close': 1.003, 'volume': 3094014, 'amount': 30788.4598, 'turnover_rate': 0}
2025-05-30 14:09:32,619 - INFO - 
监控已停止
